---------Start of logs---------
14:26:17.392:	The method "logComment()" are called
14:26:17.392:	<font color='grey'>Start of onboarding testing - will access Hive V2 Acquirer Portal, Outlook Web App, as well as mpos app</font>
14:26:17.392:	The method "logComment()" are called
14:26:17.392:	<font color='grey'>This case assumes the app has not been opened</font>
14:26:17.392:	The method "logComment()" are called
14:26:17.392:	<font color='grey'>This case assumes that the browser already remembers login credentials for Outlook Web App so no login is required</font>
14:26:17.393:	The method "checkPassword()" are called
14:26:17.393:	method loginToOutlook () is called.
14:26:18.436:	method findCurrentPage(10) is called.
14:26:18.936:	
14:26:19.325:	Current page is: MicrosoftSignIn
14:26:19.325:	inputText( MicrosoftSignInUsername , ytao@mobeewave.com is called.
14:26:19.325:	finding elements by name MicrosoftSignInUsername
14:26:19.325:	xpath is //*[@id="i0116"]
14:26:19.342:	Webelement is [[ChromeDriver: chrome on XP (73b2478b96ffa837f28a3d8d79104694)] -> xpath: //*[@id="i0116"]]
14:26:19.457:	MicrosoftSignInNext is being clicked.
14:26:19.457:	finding elements by name MicrosoftSignInNext
14:26:19.457:	xpath is //*[@id="idSIButton9"]
14:26:19.476:	Webelement is [[ChromeDriver: chrome on XP (73b2478b96ffa837f28a3d8d79104694)] -> xpath: //*[@id="idSIButton9"]]
14:26:19.543:	method findCurrentPage(10) is called.
14:26:20.043:	
14:26:20.063:	Current page is: MicrosoftSignIn
14:26:20.064:	inputText( MicrosoftSignInUsername , ytao@mobeewave.com is called.
14:26:20.064:	finding elements by name MicrosoftSignInUsername
14:26:20.064:	xpath is //*[@id="i0116"]
14:26:20.074:	Webelement is [[ChromeDriver: chrome on XP (73b2478b96ffa837f28a3d8d79104694)] -> xpath: //*[@id="i0116"]]
14:26:20.143:	exception caught during text entry, failed to find MicrosoftSignInUsername
14:26:20.143:	MicrosoftSignInNext is being clicked.
14:26:20.144:	finding elements by name MicrosoftSignInNext
14:26:20.144:	xpath is //*[@id="idSIButton9"]
14:26:20.155:	Webelement is [[ChromeDriver: chrome on XP (73b2478b96ffa837f28a3d8d79104694)] -> xpath: //*[@id="idSIButton9"]]
14:26:20.208:	method findCurrentPage(10) is called.
14:26:20.709:	
14:26:20.772:	Current page is: MicrosoftPassword
14:26:20.772:	inputText( MicrosoftPasswordPassword , Thankyou1 is called.
14:26:20.772:	finding elements by name MicrosoftPasswordPassword
14:26:20.772:	xpath is //*[@id="i0118"]
14:26:20.785:	Webelement is [[ChromeDriver: chrome on XP (73b2478b96ffa837f28a3d8d79104694)] -> xpath: //*[@id="i0118"]]
14:26:20.837:	MicrosoftPasswordSignIn is being clicked.
14:26:20.837:	finding elements by name MicrosoftPasswordSignIn
14:26:20.838:	xpath is //*[@id="idSIButton9"]
14:26:20.848:	Webelement is [[ChromeDriver: chrome on XP (73b2478b96ffa837f28a3d8d79104694)] -> xpath: //*[@id="idSIButton9"]]
14:26:21.694:	method findCurrentPage(10) is called.
14:26:22.195:	
14:26:22.244:	Current page is: MicrosoftStaySignedIn
14:26:22.244:	MicrosoftStaySignedInYes is being clicked.
14:26:22.244:	finding elements by name MicrosoftStaySignedInYes
14:26:22.244:	xpath is //*[@id="idSIButton9"]
14:26:22.254:	Webelement is [[ChromeDriver: chrome on XP (73b2478b96ffa837f28a3d8d79104694)] -> xpath: //*[@id="idSIButton9"]]
14:26:24.780:	method findCurrentPage(10) is called.
14:26:25.281:	
14:26:25.504:	Current page is: 
14:26:25.504:	This page  is not recognized.
14:26:25.504:	method findCurrentPage(10) is called.
14:26:26.005:	
14:26:26.060:	Current page is: 
14:26:26.061:	This page  is not recognized.
14:26:26.061:	method findCurrentPage(10) is called.
14:26:26.561:	
14:26:26.648:	Current page is: 
14:26:26.648:	This page  is not recognized.
14:26:26.648:	method findCurrentPage(10) is called.
14:26:27.149:	
14:26:27.219:	Current page is: 
14:26:27.219:	This page  is not recognized.
14:26:27.219:	method findCurrentPage(10) is called.
14:26:27.719:	
14:26:27.823:	Current page is: OutlookFunctionality
14:26:27.856:	OutlookFunctionalityEmailSearchCover is being clicked.
14:26:27.856:	finding elements by name OutlookFunctionalityEmailSearchCover
14:26:27.856:	xpath is //*[@id="primaryContainer"]/div[4]/div/div[1]/div/div[1]/div[1]/div/div/div[1]/div[1]/div[1]/div[2]/div[2]/button/span[2]
14:26:27.870:	Webelement is [[ChromeDriver: chrome on XP (73b2478b96ffa837f28a3d8d79104694)] -> xpath: //*[@id="primaryContainer"]/div[4]/div/div[1]/div/div[1]/div[1]/div/div/div[1]/div[1]/div[1]/div[2]/div[2]/button/span[2]]
14:26:28.492:	inputText( OutlookFunctionalityEmailSearch , National Bank Easy Pay Registration Instructions is called.
14:26:28.492:	finding elements by name OutlookFunctionalityEmailSearch
14:26:28.492:	xpath is //*[@id="primaryContainer"]/div[4]/div/div[1]/div/div[1]/div[1]/div/div/div[1]/div[1]/div[1]/div[2]/div[2]/div/div[1]/div/form/div/input
14:26:28.525:	Webelement is [[ChromeDriver: chrome on XP (73b2478b96ffa837f28a3d8d79104694)] -> xpath: //*[@id="primaryContainer"]/div[4]/div/div[1]/div/div[1]/div[1]/div/div/div[1]/div[1]/div[1]/div[2]/div[2]/div/div[1]/div/form/div/input]
14:26:29.175:	OutlookFunctionalitySearchButton is being clicked.
14:26:29.175:	finding elements by name OutlookFunctionalitySearchButton
14:26:29.175:	xpath is //*[@id="primaryContainer"]/div[4]/div/div[1]/div/div[1]/div[1]/div/div/div[1]/div[1]/div[1]/div[2]/div[2]/div/div[1]/div/button[1]
14:26:29.198:	Webelement is [[ChromeDriver: chrome on XP (73b2478b96ffa837f28a3d8d79104694)] -> xpath: //*[@id="primaryContainer"]/div[4]/div/div[1]/div/div[1]/div[1]/div/div/div[1]/div[1]/div[1]/div[2]/div[2]/div/div[1]/div/button[1]]
14:26:30.153:	EmailListLatestEmail is being clicked.
14:26:30.153:	finding elements by name EmailListLatestEmail
14:26:30.154:	xpath is //*[@id="primaryContainer"]/div[4]/div/div[1]/div/div[4]/div[3]/div/div[2]/div/div/div/div[5]/div[3]/div[1]/div[3]/div[1]/div/div/div[2]/div[6]
14:26:30.176:	Webelement is [[ChromeDriver: chrome on XP (73b2478b96ffa837f28a3d8d79104694)] -> xpath: //*[@id="primaryContainer"]/div[4]/div/div[1]/div/div[4]/div[3]/div/div[2]/div/div/div/div[5]/div[3]/div[1]/div[3]/div[1]/div/div/div[2]/div[6]]
14:26:30.861:	finding elements by name EmailDetailsPasswordValue
14:26:30.861:	xpath is //*[@id="Item.MessageUniqueBody"]/div/div/div/div[2]/table/tbody/tr/td/div[3]/table/tbody/tr/td/div/table/tbody/tr[3]/td/div/b
14:26:30.885:	Webelement is [[ChromeDriver: chrome on XP (73b2478b96ffa837f28a3d8d79104694)] -> xpath: //*[@id="Item.MessageUniqueBody"]/div/div/div/div[2]/table/tbody/tr/td/div[3]/table/tbody/tr/td/div/table/tbody/tr[3]/td/div/b]
14:26:30.885:	we is [[ChromeDriver: chrome on XP (73b2478b96ffa837f28a3d8d79104694)] -> xpath: //*[@id="Item.MessageUniqueBody"]/div/div/div/div[2]/table/tbody/tr/td/div[3]/table/tbody/tr/td/div/table/tbody/tr[3]/td/div/b]
14:26:30.908:	value is 7W~rz]2r
14:26:30.909:	The method "launch()" are called
14:26:32.961:	The method "waitUntilPresent()" are called
14:26:32.987:	The method "inputText(admin)" are called
14:26:32.987:	inputText( LoginUsername , admin is called.
14:26:32.987:	finding elements by name LoginUsername
14:26:32.987:	xpath is /html/body/div/div/div/div[2]/form[1]/div[2]/input
14:26:33.009:	Webelement is [[ChromeDriver: chrome on XP (990fc3fb9afa6b252a7e0ffcf022b46a)] -> xpath: /html/body/div/div/div/div[2]/form[1]/div[2]/input]
14:26:33.089:	The method "inputText(Mobeewave2015)" are called
14:26:33.089:	inputText( LoginPassword , Mobeewave2015 is called.
14:26:33.089:	finding elements by name LoginPassword
14:26:33.089:	xpath is /html/body/div/div/div/div[2]/form[1]/div[3]/input
14:26:33.109:	Webelement is [[ChromeDriver: chrome on XP (990fc3fb9afa6b252a7e0ffcf022b46a)] -> xpath: /html/body/div/div/div/div[2]/form[1]/div[3]/input]
14:26:33.189:	The method "clickButton()" are called
14:26:33.189:	LoginLogin is being clicked.
14:26:33.189:	finding elements by name LoginLogin
14:26:33.189:	xpath is //*[@id="login"]
14:26:33.207:	Webelement is [[ChromeDriver: chrome on XP (990fc3fb9afa6b252a7e0ffcf022b46a)] -> xpath: //*[@id="login"]]
14:26:33.273:	The method "waitUntilPresent()" are called
14:26:34.312:	The method "inputText(taoyenbc90123101)" are called
14:26:34.312:	inputText( MerchantListSearch , taoyenbc90123101 is called.
14:26:34.312:	finding elements by name MerchantListSearch
14:26:34.312:	xpath is //*[@id="filterByFieldValue"]
14:26:34.326:	Webelement is [[ChromeDriver: chrome on XP (990fc3fb9afa6b252a7e0ffcf022b46a)] -> xpath: //*[@id="filterByFieldValue"]]
14:26:34.734:	The method "wait()" are called
14:26:37.735:	The method "clickButton()" are called
14:26:37.735:	MerchantListDetails is being clicked.
14:26:37.736:	finding elements by name MerchantListDetails
14:26:37.736:	xpath is /html/body/div/div[2]/div/div[2]/div/div[2]/div[1]/table/tbody/tr[1]/td[6]/button
14:26:37.779:	Webelement is [[ChromeDriver: chrome on XP (990fc3fb9afa6b252a7e0ffcf022b46a)] -> xpath: /html/body/div/div[2]/div/div[2]/div/div[2]/div[1]/table/tbody/tr[1]/td[6]/button]
14:26:37.979:	The method "waitUntilPresent()" are called
14:26:37.996:	The method "wait()" are called
14:26:40.997:	The method "clickButton()" are called
14:26:40.997:	MerchantDetailsResendActivationEmail is being clicked.
14:26:40.997:	finding elements by name MerchantDetailsResendActivationEmail
14:26:40.997:	xpath is /html/body/div/div[2]/div/div[2]/div/div[2]/div/div[8]/div/button[2]
14:26:41.011:	Webelement is [[ChromeDriver: chrome on XP (990fc3fb9afa6b252a7e0ffcf022b46a)] -> xpath: /html/body/div/div[2]/div/div[2]/div/div[2]/div/div[8]/div/button[2]]
14:26:41.053:	The method "logComment()" are called
14:26:41.053:	<font color='grey'>Activation Email sent, now go check the email...</font>
14:26:41.053:	The method "checkNewPassword()" are called
14:26:51.206:	trying to check whether new email for password has been received
14:27:08.526:	method loginToOutlook () is called.
