---------Start of logs---------
14:30:06.467:	The method "logComment()" are called
14:30:06.467:	<font color='grey'>Start of onboarding testing - will access Hive V2 Acquirer Portal, Outlook Web App, as well as mpos app</font>
14:30:06.468:	The method "logComment()" are called
14:30:06.468:	<font color='grey'>This case assumes the app has not been opened</font>
14:30:06.468:	The method "logComment()" are called
14:30:06.468:	<font color='grey'>This case assumes that the browser already remembers login credentials for Outlook Web App so no login is required</font>
14:30:06.468:	The method "checkPassword()" are called
14:30:06.468:	method loginToOutlook () is called.
14:30:16.414:	method findCurrentPage(10) is called.
14:30:16.915:	
14:30:17.405:	Current page is: MicrosoftSignIn
14:30:17.405:	inputText( MicrosoftSignInUsername , ytao@mobeewave.com is called.
14:30:17.405:	finding elements by name MicrosoftSignInUsername
14:30:17.406:	xpath is //*[@id="i0116"]
14:30:17.420:	Webelement is [[ChromeDriver: chrome on XP (13cdc124c86014247cac28bf7efe6497)] -> xpath: //*[@id="i0116"]]
14:30:17.508:	MicrosoftSignInNext is being clicked.
14:30:17.508:	finding elements by name MicrosoftSignInNext
14:30:17.508:	xpath is //*[@id="idSIButton9"]
14:30:17.525:	Webelement is [[ChromeDriver: chrome on XP (13cdc124c86014247cac28bf7efe6497)] -> xpath: //*[@id="idSIButton9"]]
14:30:17.624:	method findCurrentPage(10) is called.
14:30:18.124:	
14:30:18.241:	Current page is: MicrosoftPassword
14:30:18.242:	inputText( MicrosoftPasswordPassword , Thankyou1 is called.
14:30:18.242:	finding elements by name MicrosoftPasswordPassword
14:30:18.242:	xpath is //*[@id="i0118"]
14:30:18.270:	Webelement is [[ChromeDriver: chrome on XP (13cdc124c86014247cac28bf7efe6497)] -> xpath: //*[@id="i0118"]]
14:30:18.335:	MicrosoftPasswordSignIn is being clicked.
14:30:18.335:	finding elements by name MicrosoftPasswordSignIn
14:30:18.336:	xpath is //*[@id="idSIButton9"]
14:30:18.348:	Webelement is [[ChromeDriver: chrome on XP (13cdc124c86014247cac28bf7efe6497)] -> xpath: //*[@id="idSIButton9"]]
14:30:19.134:	method findCurrentPage(10) is called.
14:30:19.634:	
14:30:19.681:	Current page is: MicrosoftStaySignedIn
14:30:19.681:	MicrosoftStaySignedInYes is being clicked.
14:30:19.681:	finding elements by name MicrosoftStaySignedInYes
14:30:19.681:	xpath is //*[@id="idSIButton9"]
14:30:19.690:	Webelement is [[ChromeDriver: chrome on XP (13cdc124c86014247cac28bf7efe6497)] -> xpath: //*[@id="idSIButton9"]]
14:30:25.227:	method findCurrentPage(10) is called.
14:30:25.729:	
14:30:26.696:	Current page is: 
14:30:26.696:	This page  is not recognized.
14:30:26.696:	method findCurrentPage(10) is called.
14:30:27.197:	
14:30:27.346:	Current page is: 
14:30:27.346:	This page  is not recognized.
14:30:27.346:	method findCurrentPage(10) is called.
14:30:27.847:	
14:30:28.188:	Current page is: OutlookFunctionality
14:30:28.235:	OutlookFunctionalityEmailSearchCover is being clicked.
14:30:28.235:	finding elements by name OutlookFunctionalityEmailSearchCover
14:30:28.235:	xpath is //*[@id="primaryContainer"]/div[4]/div/div[1]/div/div[1]/div[1]/div/div/div[1]/div[1]/div[1]/div[2]/div[2]/button/span[2]
14:30:28.282:	Webelement is [[ChromeDriver: chrome on XP (13cdc124c86014247cac28bf7efe6497)] -> xpath: //*[@id="primaryContainer"]/div[4]/div/div[1]/div/div[1]/div[1]/div/div/div[1]/div[1]/div[1]/div[2]/div[2]/button/span[2]]
14:30:29.199:	inputText( OutlookFunctionalityEmailSearch , National Bank Easy Pay Registration Instructions is called.
14:30:29.199:	finding elements by name OutlookFunctionalityEmailSearch
14:30:29.199:	xpath is //*[@id="primaryContainer"]/div[4]/div/div[1]/div/div[1]/div[1]/div/div/div[1]/div[1]/div[1]/div[2]/div[2]/div/div[1]/div/form/div/input
14:30:29.281:	Webelement is [[ChromeDriver: chrome on XP (13cdc124c86014247cac28bf7efe6497)] -> xpath: //*[@id="primaryContainer"]/div[4]/div/div[1]/div/div[1]/div[1]/div/div/div[1]/div[1]/div[1]/div[2]/div[2]/div/div[1]/div/form/div/input]
14:30:30.275:	OutlookFunctionalitySearchButton is being clicked.
14:30:30.275:	finding elements by name OutlookFunctionalitySearchButton
14:30:30.275:	xpath is //*[@id="primaryContainer"]/div[4]/div/div[1]/div/div[1]/div[1]/div/div/div[1]/div[1]/div[1]/div[2]/div[2]/div/div[1]/div/button[1]
14:30:30.317:	Webelement is [[ChromeDriver: chrome on XP (13cdc124c86014247cac28bf7efe6497)] -> xpath: //*[@id="primaryContainer"]/div[4]/div/div[1]/div/div[1]/div[1]/div/div/div[1]/div[1]/div[1]/div[2]/div[2]/div/div[1]/div/button[1]]
14:30:31.154:	EmailListLatestEmail is being clicked.
14:30:31.154:	finding elements by name EmailListLatestEmail
14:30:31.154:	xpath is //*[@id="primaryContainer"]/div[4]/div/div[1]/div/div[4]/div[3]/div/div[2]/div/div/div/div[5]/div[3]/div[1]/div[3]/div[1]/div/div/div[2]/div[6]
14:30:31.190:	Webelement is [[ChromeDriver: chrome on XP (13cdc124c86014247cac28bf7efe6497)] -> xpath: //*[@id="primaryContainer"]/div[4]/div/div[1]/div/div[4]/div[3]/div/div[2]/div/div/div/div[5]/div[3]/div[1]/div[3]/div[1]/div/div/div[2]/div[6]]
14:30:31.854:	finding elements by name EmailDetailsPasswordValue
14:30:31.854:	xpath is //*[@id="Item.MessageUniqueBody"]/div/div/div/div[2]/table/tbody/tr/td/div[3]/table/tbody/tr/td/div/table/tbody/tr[3]/td/div/b
14:30:31.881:	Webelement is [[ChromeDriver: chrome on XP (13cdc124c86014247cac28bf7efe6497)] -> xpath: //*[@id="Item.MessageUniqueBody"]/div/div/div/div[2]/table/tbody/tr/td/div[3]/table/tbody/tr/td/div/table/tbody/tr[3]/td/div/b]
14:30:31.881:	we is [[ChromeDriver: chrome on XP (13cdc124c86014247cac28bf7efe6497)] -> xpath: //*[@id="Item.MessageUniqueBody"]/div/div/div/div[2]/table/tbody/tr/td/div[3]/table/tbody/tr/td/div/table/tbody/tr[3]/td/div/b]
14:30:31.901:	value is /C(md=2,
14:30:31.901:	The method "launch()" are called
14:30:34.260:	The method "waitUntilPresent()" are called
14:30:34.285:	The method "inputText(admin)" are called
14:30:34.285:	inputText( LoginUsername , admin is called.
14:30:34.285:	finding elements by name LoginUsername
14:30:34.285:	xpath is /html/body/div/div/div/div[2]/form[1]/div[2]/input
14:30:34.304:	Webelement is [[ChromeDriver: chrome on XP (e4fe0681489d5e2f541e69d0473b696a)] -> xpath: /html/body/div/div/div/div[2]/form[1]/div[2]/input]
14:30:34.377:	The method "inputText(Mobeewave2015)" are called
14:30:34.377:	inputText( LoginPassword , Mobeewave2015 is called.
14:30:34.377:	finding elements by name LoginPassword
14:30:34.377:	xpath is /html/body/div/div/div/div[2]/form[1]/div[3]/input
14:30:34.393:	Webelement is [[ChromeDriver: chrome on XP (e4fe0681489d5e2f541e69d0473b696a)] -> xpath: /html/body/div/div/div/div[2]/form[1]/div[3]/input]
14:30:34.478:	The method "clickButton()" are called
14:30:34.478:	LoginLogin is being clicked.
14:30:34.478:	finding elements by name LoginLogin
14:30:34.478:	xpath is //*[@id="login"]
14:30:34.496:	Webelement is [[ChromeDriver: chrome on XP (e4fe0681489d5e2f541e69d0473b696a)] -> xpath: //*[@id="login"]]
14:30:34.626:	The method "waitUntilPresent()" are called
14:30:35.819:	The method "inputText(taoyenbc90123101)" are called
14:30:35.819:	inputText( MerchantListSearch , taoyenbc90123101 is called.
14:30:35.819:	finding elements by name MerchantListSearch
14:30:35.819:	xpath is //*[@id="filterByFieldValue"]
14:30:35.842:	Webelement is [[ChromeDriver: chrome on XP (e4fe0681489d5e2f541e69d0473b696a)] -> xpath: //*[@id="filterByFieldValue"]]
14:30:36.121:	The method "wait()" are called
14:30:39.121:	The method "clickButton()" are called
14:30:39.121:	MerchantListDetails is being clicked.
14:30:39.121:	finding elements by name MerchantListDetails
14:30:39.121:	xpath is /html/body/div/div[2]/div/div[2]/div/div[2]/div[1]/table/tbody/tr[1]/td[6]/button
14:30:39.135:	Webelement is [[ChromeDriver: chrome on XP (e4fe0681489d5e2f541e69d0473b696a)] -> xpath: /html/body/div/div[2]/div/div[2]/div/div[2]/div[1]/table/tbody/tr[1]/td[6]/button]
14:30:39.308:	The method "waitUntilPresent()" are called
14:30:39.327:	The method "wait()" are called
14:30:42.328:	The method "clickButton()" are called
14:30:42.328:	MerchantDetailsResendActivationEmail is being clicked.
14:30:42.328:	finding elements by name MerchantDetailsResendActivationEmail
14:30:42.328:	xpath is /html/body/div/div[2]/div/div[2]/div/div[2]/div/div[8]/div/button[2]
14:30:42.342:	Webelement is [[ChromeDriver: chrome on XP (e4fe0681489d5e2f541e69d0473b696a)] -> xpath: /html/body/div/div[2]/div/div[2]/div/div[2]/div/div[8]/div/button[2]]
14:30:42.390:	The method "logComment()" are called
14:30:42.391:	<font color='grey'>Activation Email sent, now go check the email...</font>
14:30:42.391:	The method "checkNewPassword()" are called
14:30:42.391:	trying to check whether new email for password has been received
14:30:42.391:	method loginToOutlook () is called.
14:31:36.082:	method findCurrentPage(10) is called.
14:31:36.586:	
14:31:36.842:	Current page is: OutlookFunctionality
14:31:39.541:	OutlookFunctionalityEmailSearchCover is being clicked.
14:31:39.543:	finding elements by name OutlookFunctionalityEmailSearchCover
14:31:39.544:	xpath is //*[@id="primaryContainer"]/div[4]/div/div[1]/div/div[1]/div[1]/div/div/div[1]/div[1]/div[1]/div[2]/div[2]/button/span[2]
14:31:39.681:	Webelement is [[ChromeDriver: chrome on XP (13cdc124c86014247cac28bf7efe6497)] -> xpath: //*[@id="primaryContainer"]/div[4]/div/div[1]/div/div[1]/div[1]/div/div/div[1]/div[1]/div[1]/div[2]/div[2]/button/span[2]]
14:31:39.922:	inputText( OutlookFunctionalityEmailSearch , National Bank Easy Pay Registration Instructions is called.
14:31:39.923:	finding elements by name OutlookFunctionalityEmailSearch
14:31:39.925:	xpath is //*[@id="primaryContainer"]/div[4]/div/div[1]/div/div[1]/div[1]/div/div/div[1]/div[1]/div[1]/div[2]/div[2]/div/div[1]/div/form/div/input
14:31:40.017:	Webelement is [[ChromeDriver: chrome on XP (13cdc124c86014247cac28bf7efe6497)] -> xpath: //*[@id="primaryContainer"]/div[4]/div/div[1]/div/div[1]/div[1]/div/div/div[1]/div[1]/div[1]/div[2]/div[2]/div/div[1]/div/form/div/input]
14:31:40.579:	OutlookFunctionalitySearchButton is being clicked.
14:31:40.581:	finding elements by name OutlookFunctionalitySearchButton
14:31:40.583:	xpath is //*[@id="primaryContainer"]/div[4]/div/div[1]/div/div[1]/div[1]/div/div/div[1]/div[1]/div[1]/div[2]/div[2]/div/div[1]/div/button[1]
14:31:40.663:	Webelement is [[ChromeDriver: chrome on XP (13cdc124c86014247cac28bf7efe6497)] -> xpath: //*[@id="primaryContainer"]/div[4]/div/div[1]/div/div[1]/div[1]/div/div/div[1]/div[1]/div[1]/div[2]/div[2]/div/div[1]/div/button[1]]
14:31:40.903:	In while loop with time elapsed0
14:31:40.904:	OutlookFunctionalitySearchButton is being clicked.
14:31:40.906:	finding elements by name OutlookFunctionalitySearchButton
14:31:40.907:	xpath is //*[@id="primaryContainer"]/div[4]/div/div[1]/div/div[1]/div[1]/div/div/div[1]/div[1]/div[1]/div[2]/div[2]/div/div[1]/div/button[1]
14:31:40.992:	Webelement is [[ChromeDriver: chrome on XP (13cdc124c86014247cac28bf7efe6497)] -> xpath: //*[@id="primaryContainer"]/div[4]/div/div[1]/div/div[1]/div[1]/div/div/div[1]/div[1]/div[1]/div[2]/div[2]/div/div[1]/div/button[1]]
14:31:41.838:	EmailListLatestEmail is being clicked.
14:31:41.840:	finding elements by name EmailListLatestEmail
14:31:41.843:	xpath is //*[@id="primaryContainer"]/div[4]/div/div[1]/div/div[4]/div[3]/div/div[2]/div/div/div/div[5]/div[3]/div[1]/div[3]/div[1]/div/div/div[2]/div[6]
14:31:41.964:	Webelement is [[ChromeDriver: chrome on XP (13cdc124c86014247cac28bf7efe6497)] -> xpath: //*[@id="primaryContainer"]/div[4]/div/div[1]/div/div[4]/div[3]/div/div[2]/div/div/div/div[5]/div[3]/div[1]/div[3]/div[1]/div/div/div[2]/div[6]]
