---------Start of logs---------
14:57:53.767:	The method "logComment()" are called
14:57:53.767:	<font color='grey'>Start of onboarding testing - will access Hive V2 Acquirer Portal, Outlook Web App, as well as mpos app</font>
14:57:53.767:	The method "logComment()" are called
14:57:53.768:	<font color='grey'>This case assumes the app has not been opened</font>
14:57:53.768:	The method "logComment()" are called
14:57:53.768:	<font color='grey'>This case assumes that the browser already remembers login credentials for Outlook Web App so no login is required</font>
14:57:53.768:	The method "checkPassword()" are called
14:57:53.768:	method loginToOutlook () is called.
14:57:54.533:	method findCurrentPage(10) is called.
14:57:55.033:	
14:57:55.272:	Current page is: MicrosoftSignIn
14:57:55.272:	inputText( MicrosoftSignInUsername , ytao@mobeewave.com is called.
14:57:55.272:	finding elements by name MicrosoftSignInUsername
14:57:55.272:	xpath is //*[@id="i0116"]
14:57:55.293:	Webelement is [[ChromeDriver: chrome on XP (79a144886807a9bfcf710f8c21082a6c)] -> xpath: //*[@id="i0116"]]
14:57:55.420:	MicrosoftSignInNext is being clicked.
14:57:55.420:	finding elements by name MicrosoftSignInNext
14:57:55.420:	xpath is //*[@id="idSIButton9"]
14:57:55.441:	Webelement is [[ChromeDriver: chrome on XP (79a144886807a9bfcf710f8c21082a6c)] -> xpath: //*[@id="idSIButton9"]]
14:57:55.500:	method findCurrentPage(10) is called.
14:57:56.001:	
14:57:56.077:	Current page is: MicrosoftPassword
14:57:56.077:	inputText( MicrosoftPasswordPassword , Thankyou1 is called.
14:57:56.077:	finding elements by name MicrosoftPasswordPassword
14:57:56.077:	xpath is //*[@id="i0118"]
14:57:56.096:	Webelement is [[ChromeDriver: chrome on XP (79a144886807a9bfcf710f8c21082a6c)] -> xpath: //*[@id="i0118"]]
14:57:56.161:	MicrosoftPasswordSignIn is being clicked.
14:57:56.161:	finding elements by name MicrosoftPasswordSignIn
14:57:56.161:	xpath is //*[@id="idSIButton9"]
14:57:56.172:	Webelement is [[ChromeDriver: chrome on XP (79a144886807a9bfcf710f8c21082a6c)] -> xpath: //*[@id="idSIButton9"]]
14:57:56.680:	method findCurrentPage(10) is called.
14:57:57.181:	
14:57:57.229:	Current page is: MicrosoftStaySignedIn
14:57:57.229:	MicrosoftStaySignedInYes is being clicked.
14:57:57.229:	finding elements by name MicrosoftStaySignedInYes
14:57:57.229:	xpath is //*[@id="idSIButton9"]
14:57:57.241:	Webelement is [[ChromeDriver: chrome on XP (79a144886807a9bfcf710f8c21082a6c)] -> xpath: //*[@id="idSIButton9"]]
14:58:03.245:	method findCurrentPage(10) is called.
14:58:03.746:	
14:58:03.879:	Current page is: 
14:58:03.879:	This page  is not recognized.
14:58:03.879:	method findCurrentPage(10) is called.
14:58:04.380:	
14:58:04.460:	Current page is: 
14:58:04.460:	This page  is not recognized.
14:58:04.460:	method findCurrentPage(10) is called.
14:58:04.960:	
14:58:05.046:	Current page is: 
14:58:05.046:	This page  is not recognized.
14:58:05.046:	method findCurrentPage(10) is called.
14:58:05.548:	
14:58:05.614:	Current page is: 
14:58:05.614:	This page  is not recognized.
14:58:05.614:	method findCurrentPage(10) is called.
14:58:06.114:	
14:58:06.184:	Current page is: 
14:58:06.184:	This page  is not recognized.
14:58:06.184:	method findCurrentPage(10) is called.
14:58:06.684:	
14:58:06.715:	Current page is: OutlookFunctionality
14:58:06.743:	OutlookFunctionalityEmailSearchCover is being clicked.
14:58:06.743:	finding elements by name OutlookFunctionalityEmailSearchCover
14:58:06.743:	xpath is //*[@id="primaryContainer"]/div[4]/div/div[1]/div/div[1]/div[1]/div/div/div[1]/div[1]/div[1]/div[2]/div[2]/button/span[2]
14:58:06.762:	Webelement is [[ChromeDriver: chrome on XP (79a144886807a9bfcf710f8c21082a6c)] -> xpath: //*[@id="primaryContainer"]/div[4]/div/div[1]/div/div[1]/div[1]/div/div/div[1]/div[1]/div[1]/div[2]/div[2]/button/span[2]]
14:58:08.034:	inputText( OutlookFunctionalityEmailSearch , National Bank Easy Pay Registration Instructions is called.
14:58:08.035:	finding elements by name OutlookFunctionalityEmailSearch
14:58:08.035:	xpath is //*[@id="primaryContainer"]/div[4]/div/div[1]/div/div[1]/div[1]/div/div/div[1]/div[1]/div[1]/div[2]/div[2]/div/div[1]/div/form/div/input
14:58:08.056:	Webelement is [[ChromeDriver: chrome on XP (79a144886807a9bfcf710f8c21082a6c)] -> xpath: //*[@id="primaryContainer"]/div[4]/div/div[1]/div/div[1]/div[1]/div/div/div[1]/div[1]/div[1]/div[2]/div[2]/div/div[1]/div/form/div/input]
14:58:09.169:	OutlookFunctionalitySearchButton is being clicked.
14:58:09.169:	finding elements by name OutlookFunctionalitySearchButton
14:58:09.169:	xpath is //*[@id="primaryContainer"]/div[4]/div/div[1]/div/div[1]/div[1]/div/div/div[1]/div[1]/div[1]/div[2]/div[2]/div/div[1]/div/button[1]
14:58:09.195:	Webelement is [[ChromeDriver: chrome on XP (79a144886807a9bfcf710f8c21082a6c)] -> xpath: //*[@id="primaryContainer"]/div[4]/div/div[1]/div/div[1]/div[1]/div/div/div[1]/div[1]/div[1]/div[2]/div[2]/div/div[1]/div/button[1]]
14:58:09.938:	EmailListLatestEmail is being clicked.
14:58:09.938:	finding elements by name EmailListLatestEmail
14:58:09.938:	xpath is //*[@id="primaryContainer"]/div[4]/div/div[1]/div/div[4]/div[3]/div/div[2]/div/div/div/div[5]/div[3]/div[1]/div[3]/div[1]/div/div/div[2]/div[6]
14:58:09.975:	Webelement is [[ChromeDriver: chrome on XP (79a144886807a9bfcf710f8c21082a6c)] -> xpath: //*[@id="primaryContainer"]/div[4]/div/div[1]/div/div[4]/div[3]/div/div[2]/div/div/div/div[5]/div[3]/div[1]/div[3]/div[1]/div/div/div[2]/div[6]]
14:58:10.947:	finding elements by name EmailDetailsPasswordValue
14:58:10.947:	xpath is //*[@id="Item.MessageUniqueBody"]/div/div/div/div[2]/table/tbody/tr/td/div[3]/table/tbody/tr/td/div/table/tbody/tr[3]/td/div/b
14:58:10.967:	Webelement is [[ChromeDriver: chrome on XP (79a144886807a9bfcf710f8c21082a6c)] -> xpath: //*[@id="Item.MessageUniqueBody"]/div/div/div/div[2]/table/tbody/tr/td/div[3]/table/tbody/tr/td/div/table/tbody/tr[3]/td/div/b]
14:58:10.967:	we is [[ChromeDriver: chrome on XP (79a144886807a9bfcf710f8c21082a6c)] -> xpath: //*[@id="Item.MessageUniqueBody"]/div/div/div/div[2]/table/tbody/tr/td/div[3]/table/tbody/tr/td/div/table/tbody/tr[3]/td/div/b]
14:58:10.981:	value is NZ$oy|8%
14:58:10.981:	The method "launch()" are called
14:58:14.741:	The method "waitUntilPresent()" are called
14:58:14.763:	The method "inputText(admin)" are called
14:58:14.763:	inputText( LoginUsername , admin is called.
14:58:14.763:	finding elements by name LoginUsername
14:58:14.763:	xpath is /html/body/div/div/div/div[2]/form[1]/div[2]/input
14:58:14.778:	Webelement is [[ChromeDriver: chrome on XP (9ddd6a402edf620a452b3dd27e492dea)] -> xpath: /html/body/div/div/div/div[2]/form[1]/div[2]/input]
14:58:14.842:	The method "inputText(Mobeewave2015)" are called
14:58:14.842:	inputText( LoginPassword , Mobeewave2015 is called.
14:58:14.842:	finding elements by name LoginPassword
14:58:14.842:	xpath is /html/body/div/div/div/div[2]/form[1]/div[3]/input
14:58:14.862:	Webelement is [[ChromeDriver: chrome on XP (9ddd6a402edf620a452b3dd27e492dea)] -> xpath: /html/body/div/div/div/div[2]/form[1]/div[3]/input]
14:58:14.940:	The method "clickButton()" are called
14:58:14.940:	LoginLogin is being clicked.
14:58:14.940:	finding elements by name LoginLogin
14:58:14.940:	xpath is //*[@id="login"]
14:58:14.957:	Webelement is [[ChromeDriver: chrome on XP (9ddd6a402edf620a452b3dd27e492dea)] -> xpath: //*[@id="login"]]
14:58:15.028:	The method "waitUntilPresent()" are called
14:58:15.604:	The method "inputText(taoyenbc90123101)" are called
14:58:15.604:	inputText( MerchantListSearch , taoyenbc90123101 is called.
14:58:15.604:	finding elements by name MerchantListSearch
14:58:15.604:	xpath is //*[@id="filterByFieldValue"]
14:58:15.626:	Webelement is [[ChromeDriver: chrome on XP (9ddd6a402edf620a452b3dd27e492dea)] -> xpath: //*[@id="filterByFieldValue"]]
14:58:15.947:	The method "wait()" are called
14:58:18.947:	The method "clickButton()" are called
14:58:18.947:	MerchantListDetails is being clicked.
14:58:18.947:	finding elements by name MerchantListDetails
14:58:18.947:	xpath is /html/body/div/div[2]/div/div[2]/div/div[2]/div[1]/table/tbody/tr[1]/td[6]/button
14:58:18.975:	Webelement is [[ChromeDriver: chrome on XP (9ddd6a402edf620a452b3dd27e492dea)] -> xpath: /html/body/div/div[2]/div/div[2]/div/div[2]/div[1]/table/tbody/tr[1]/td[6]/button]
14:58:19.254:	The method "waitUntilPresent()" are called
14:58:19.274:	The method "wait()" are called
14:58:22.274:	The method "clickButton()" are called
14:58:22.274:	MerchantDetailsResendActivationEmail is being clicked.
14:58:22.274:	finding elements by name MerchantDetailsResendActivationEmail
14:58:22.275:	xpath is /html/body/div/div[2]/div/div[2]/div/div[2]/div/div[8]/div/button[2]
14:58:22.319:	Webelement is [[ChromeDriver: chrome on XP (9ddd6a402edf620a452b3dd27e492dea)] -> xpath: /html/body/div/div[2]/div/div[2]/div/div[2]/div/div[8]/div/button[2]]
14:58:22.371:	The method "logComment()" are called
14:58:22.371:	<font color='grey'>Activation Email sent, now go check the email...</font>
14:58:22.372:	The method "checkNewPassword()" are called
14:58:22.372:	trying to check whether new email for password has been received
14:58:22.373:	In while loop with time elapsed0
14:58:22.373:	OutlookFunctionalitySearchButton is being clicked.
14:58:22.373:	finding elements by name OutlookFunctionalitySearchButton
14:58:22.373:	xpath is //*[@id="primaryContainer"]/div[4]/div/div[1]/div/div[1]/div[1]/div/div/div[1]/div[1]/div[1]/div[2]/div[2]/div/div[1]/div/button[1]
14:58:22.472:	Webelement is [[ChromeDriver: chrome on XP (79a144886807a9bfcf710f8c21082a6c)] -> xpath: //*[@id="primaryContainer"]/div[4]/div/div[1]/div/div[1]/div[1]/div/div/div[1]/div[1]/div[1]/div[2]/div[2]/div/div[1]/div/button[1]]
14:58:23.477:	EmailListLatestEmail is being clicked.
14:58:23.477:	finding elements by name EmailListLatestEmail
14:58:23.477:	xpath is //*[@id="primaryContainer"]/div[4]/div/div[1]/div/div[4]/div[3]/div/div[2]/div/div/div/div[5]/div[3]/div[1]/div[3]/div[1]/div/div/div[2]/div[6]
14:58:23.488:	Webelement is [[ChromeDriver: chrome on XP (79a144886807a9bfcf710f8c21082a6c)] -> xpath: //*[@id="primaryContainer"]/div[4]/div/div[1]/div/div[4]/div[3]/div/div[2]/div/div/div/div[5]/div[3]/div[1]/div[3]/div[1]/div/div/div[2]/div[6]]
14:58:23.671:	finding elements by name EmailDetailsPasswordValue
14:58:23.671:	xpath is //*[@id="Item.MessageUniqueBody"]/div/div/div/div[2]/table/tbody/tr/td/div[3]/table/tbody/tr/td/div/table/tbody/tr[3]/td/div/b
14:58:23.717:	Webelement is [[ChromeDriver: chrome on XP (79a144886807a9bfcf710f8c21082a6c)] -> xpath: //*[@id="Item.MessageUniqueBody"]/div/div/div/div[2]/table/tbody/tr/td/div[3]/table/tbody/tr/td/div/table/tbody/tr[3]/td/div/b]
14:58:23.717:	we is [[ChromeDriver: chrome on XP (79a144886807a9bfcf710f8c21082a6c)] -> xpath: //*[@id="Item.MessageUniqueBody"]/div/div/div/div[2]/table/tbody/tr/td/div[3]/table/tbody/tr/td/div/table/tbody/tr[3]/td/div/b]
14:58:23.746:	value is NZ$oy|8%
14:58:23.746:	In while loop with time elapsed1
14:58:23.746:	OutlookFunctionalitySearchButton is being clicked.
14:58:23.746:	finding elements by name OutlookFunctionalitySearchButton
14:58:23.746:	xpath is //*[@id="primaryContainer"]/div[4]/div/div[1]/div/div[1]/div[1]/div/div/div[1]/div[1]/div[1]/div[2]/div[2]/div/div[1]/div/button[1]
14:58:23.769:	Webelement is [[ChromeDriver: chrome on XP (79a144886807a9bfcf710f8c21082a6c)] -> xpath: //*[@id="primaryContainer"]/div[4]/div/div[1]/div/div[1]/div[1]/div/div/div[1]/div[1]/div[1]/div[2]/div[2]/div/div[1]/div/button[1]]
14:58:24.433:	EmailListLatestEmail is being clicked.
14:58:24.433:	finding elements by name EmailListLatestEmail
14:58:24.433:	xpath is //*[@id="primaryContainer"]/div[4]/div/div[1]/div/div[4]/div[3]/div/div[2]/div/div/div/div[5]/div[3]/div[1]/div[3]/div[1]/div/div/div[2]/div[6]
14:58:24.535:	Webelement is [[ChromeDriver: chrome on XP (79a144886807a9bfcf710f8c21082a6c)] -> xpath: //*[@id="primaryContainer"]/div[4]/div/div[1]/div/div[4]/div[3]/div/div[2]/div/div/div/div[5]/div[3]/div[1]/div[3]/div[1]/div/div/div[2]/div[6]]
14:58:24.739:	finding elements by name EmailDetailsPasswordValue
14:58:24.739:	xpath is //*[@id="Item.MessageUniqueBody"]/div/div/div/div[2]/table/tbody/tr/td/div[3]/table/tbody/tr/td/div/table/tbody/tr[3]/td/div/b
14:58:24.757:	Webelement is [[ChromeDriver: chrome on XP (79a144886807a9bfcf710f8c21082a6c)] -> xpath: //*[@id="Item.MessageUniqueBody"]/div/div/div/div[2]/table/tbody/tr/td/div[3]/table/tbody/tr/td/div/table/tbody/tr[3]/td/div/b]
14:58:24.757:	we is [[ChromeDriver: chrome on XP (79a144886807a9bfcf710f8c21082a6c)] -> xpath: //*[@id="Item.MessageUniqueBody"]/div/div/div/div[2]/table/tbody/tr/td/div[3]/table/tbody/tr/td/div/table/tbody/tr[3]/td/div/b]
14:58:24.779:	value is NZ$oy|8%
14:58:24.780:	In while loop with time elapsed2
14:58:24.780:	OutlookFunctionalitySearchButton is being clicked.
14:58:24.780:	finding elements by name OutlookFunctionalitySearchButton
14:58:24.780:	xpath is //*[@id="primaryContainer"]/div[4]/div/div[1]/div/div[1]/div[1]/div/div/div[1]/div[1]/div[1]/div[2]/div[2]/div/div[1]/div/button[1]
14:58:24.793:	Webelement is [[ChromeDriver: chrome on XP (79a144886807a9bfcf710f8c21082a6c)] -> xpath: //*[@id="primaryContainer"]/div[4]/div/div[1]/div/div[1]/div[1]/div/div/div[1]/div[1]/div[1]/div[2]/div[2]/div/div[1]/div/button[1]]
14:58:25.457:	EmailListLatestEmail is being clicked.
14:58:25.457:	finding elements by name EmailListLatestEmail
14:58:25.458:	xpath is //*[@id="primaryContainer"]/div[4]/div/div[1]/div/div[4]/div[3]/div/div[2]/div/div/div/div[5]/div[3]/div[1]/div[3]/div[1]/div/div/div[2]/div[6]
14:58:25.568:	Webelement is [[ChromeDriver: chrome on XP (79a144886807a9bfcf710f8c21082a6c)] -> xpath: //*[@id="primaryContainer"]/div[4]/div/div[1]/div/div[4]/div[3]/div/div[2]/div/div/div/div[5]/div[3]/div[1]/div[3]/div[1]/div/div/div[2]/div[6]]
14:58:25.729:	finding elements by name EmailDetailsPasswordValue
14:58:25.729:	xpath is //*[@id="Item.MessageUniqueBody"]/div/div/div/div[2]/table/tbody/tr/td/div[3]/table/tbody/tr/td/div/table/tbody/tr[3]/td/div/b
14:58:25.742:	Webelement is [[ChromeDriver: chrome on XP (79a144886807a9bfcf710f8c21082a6c)] -> xpath: //*[@id="Item.MessageUniqueBody"]/div/div/div/div[2]/table/tbody/tr/td/div[3]/table/tbody/tr/td/div/table/tbody/tr[3]/td/div/b]
14:58:25.742:	we is [[ChromeDriver: chrome on XP (79a144886807a9bfcf710f8c21082a6c)] -> xpath: //*[@id="Item.MessageUniqueBody"]/div/div/div/div[2]/table/tbody/tr/td/div[3]/table/tbody/tr/td/div/table/tbody/tr[3]/td/div/b]
14:58:25.756:	value is NZ$oy|8%
14:58:25.756:	In while loop with time elapsed3
14:58:25.756:	OutlookFunctionalitySearchButton is being clicked.
14:58:25.756:	finding elements by name OutlookFunctionalitySearchButton
14:58:25.756:	xpath is //*[@id="primaryContainer"]/div[4]/div/div[1]/div/div[1]/div[1]/div/div/div[1]/div[1]/div[1]/div[2]/div[2]/div/div[1]/div/button[1]
14:58:25.768:	Webelement is [[ChromeDriver: chrome on XP (79a144886807a9bfcf710f8c21082a6c)] -> xpath: //*[@id="primaryContainer"]/div[4]/div/div[1]/div/div[1]/div[1]/div/div/div[1]/div[1]/div[1]/div[2]/div[2]/div/div[1]/div/button[1]]
14:58:26.412:	EmailListLatestEmail is being clicked.
14:58:26.412:	finding elements by name EmailListLatestEmail
14:58:26.412:	xpath is //*[@id="primaryContainer"]/div[4]/div/div[1]/div/div[4]/div[3]/div/div[2]/div/div/div/div[5]/div[3]/div[1]/div[3]/div[1]/div/div/div[2]/div[6]
14:58:26.423:	Webelement is [[ChromeDriver: chrome on XP (79a144886807a9bfcf710f8c21082a6c)] -> xpath: //*[@id="primaryContainer"]/div[4]/div/div[1]/div/div[4]/div[3]/div/div[2]/div/div/div/div[5]/div[3]/div[1]/div[3]/div[1]/div/div/div[2]/div[6]]
14:58:26.621:	finding elements by name EmailDetailsPasswordValue
14:58:26.621:	xpath is //*[@id="Item.MessageUniqueBody"]/div/div/div/div[2]/table/tbody/tr/td/div[3]/table/tbody/tr/td/div/table/tbody/tr[3]/td/div/b
14:58:26.641:	Webelement is [[ChromeDriver: chrome on XP (79a144886807a9bfcf710f8c21082a6c)] -> xpath: //*[@id="Item.MessageUniqueBody"]/div/div/div/div[2]/table/tbody/tr/td/div[3]/table/tbody/tr/td/div/table/tbody/tr[3]/td/div/b]
14:58:26.641:	we is [[ChromeDriver: chrome on XP (79a144886807a9bfcf710f8c21082a6c)] -> xpath: //*[@id="Item.MessageUniqueBody"]/div/div/div/div[2]/table/tbody/tr/td/div[3]/table/tbody/tr/td/div/table/tbody/tr[3]/td/div/b]
14:58:26.656:	value is NZ$oy|8%
14:58:26.656:	In while loop with time elapsed4
14:58:26.656:	OutlookFunctionalitySearchButton is being clicked.
14:58:26.656:	finding elements by name OutlookFunctionalitySearchButton
14:58:26.656:	xpath is //*[@id="primaryContainer"]/div[4]/div/div[1]/div/div[1]/div[1]/div/div/div[1]/div[1]/div[1]/div[2]/div[2]/div/div[1]/div/button[1]
14:58:26.682:	Webelement is [[ChromeDriver: chrome on XP (79a144886807a9bfcf710f8c21082a6c)] -> xpath: //*[@id="primaryContainer"]/div[4]/div/div[1]/div/div[1]/div[1]/div/div/div[1]/div[1]/div[1]/div[2]/div[2]/div/div[1]/div/button[1]]
14:58:27.306:	EmailListLatestEmail is being clicked.
14:58:27.306:	finding elements by name EmailListLatestEmail
14:58:27.306:	xpath is //*[@id="primaryContainer"]/div[4]/div/div[1]/div/div[4]/div[3]/div/div[2]/div/div/div/div[5]/div[3]/div[1]/div[3]/div[1]/div/div/div[2]/div[6]
14:58:27.319:	Webelement is [[ChromeDriver: chrome on XP (79a144886807a9bfcf710f8c21082a6c)] -> xpath: //*[@id="primaryContainer"]/div[4]/div/div[1]/div/div[4]/div[3]/div/div[2]/div/div/div/div[5]/div[3]/div[1]/div[3]/div[1]/div/div/div[2]/div[6]]
14:58:27.936:	finding elements by name EmailDetailsPasswordValue
14:58:27.936:	xpath is //*[@id="Item.MessageUniqueBody"]/div/div/div/div[2]/table/tbody/tr/td/div[3]/table/tbody/tr/td/div/table/tbody/tr[3]/td/div/b
14:58:27.951:	Webelement is [[ChromeDriver: chrome on XP (79a144886807a9bfcf710f8c21082a6c)] -> xpath: //*[@id="Item.MessageUniqueBody"]/div/div/div/div[2]/table/tbody/tr/td/div[3]/table/tbody/tr/td/div/table/tbody/tr[3]/td/div/b]
14:58:27.951:	we is [[ChromeDriver: chrome on XP (79a144886807a9bfcf710f8c21082a6c)] -> xpath: //*[@id="Item.MessageUniqueBody"]/div/div/div/div[2]/table/tbody/tr/td/div[3]/table/tbody/tr/td/div/table/tbody/tr[3]/td/div/b]
14:58:27.966:	value is oXu%f*77
14:58:27.966:	The method "checkPassword()" are called
14:58:27.966:	method loginToOutlook () is called.
14:58:28.448:	method findCurrentPage(10) is called.
14:58:28.951:	
14:58:29.626:	Current page is: 
14:58:29.626:	This page  is not recognized.
14:58:29.626:	method findCurrentPage(10) is called.
14:58:30.127:	
14:58:30.202:	Current page is: OutlookFunctionality
14:58:30.255:	OutlookFunctionalityEmailSearchCover is being clicked.
14:58:30.255:	finding elements by name OutlookFunctionalityEmailSearchCover
14:58:30.255:	xpath is //*[@id="primaryContainer"]/div[4]/div/div[1]/div/div[1]/div[1]/div/div/div[1]/div[1]/div[1]/div[2]/div[2]/button/span[2]
14:58:30.275:	Webelement is [[ChromeDriver: chrome on XP (79a144886807a9bfcf710f8c21082a6c)] -> xpath: //*[@id="primaryContainer"]/div[4]/div/div[1]/div/div[1]/div[1]/div/div/div[1]/div[1]/div[1]/div[2]/div[2]/button/span[2]]
14:58:31.001:	inputText( OutlookFunctionalityEmailSearch , National Bank Easy Pay Registration Instructions is called.
14:58:31.002:	finding elements by name OutlookFunctionalityEmailSearch
14:58:31.002:	xpath is //*[@id="primaryContainer"]/div[4]/div/div[1]/div/div[1]/div[1]/div/div/div[1]/div[1]/div[1]/div[2]/div[2]/div/div[1]/div/form/div/input
14:58:31.013:	Webelement is [[ChromeDriver: chrome on XP (79a144886807a9bfcf710f8c21082a6c)] -> xpath: //*[@id="primaryContainer"]/div[4]/div/div[1]/div/div[1]/div[1]/div/div/div[1]/div[1]/div[1]/div[2]/div[2]/div/div[1]/div/form/div/input]
14:58:32.387:	OutlookFunctionalitySearchButton is being clicked.
14:58:32.387:	finding elements by name OutlookFunctionalitySearchButton
14:58:32.387:	xpath is //*[@id="primaryContainer"]/div[4]/div/div[1]/div/div[1]/div[1]/div/div/div[1]/div[1]/div[1]/div[2]/div[2]/div/div[1]/div/button[1]
14:58:32.399:	Webelement is [[ChromeDriver: chrome on XP (79a144886807a9bfcf710f8c21082a6c)] -> xpath: //*[@id="primaryContainer"]/div[4]/div/div[1]/div/div[1]/div[1]/div/div/div[1]/div[1]/div[1]/div[2]/div[2]/div/div[1]/div/button[1]]
14:58:33.153:	EmailListLatestEmail is being clicked.
14:58:33.154:	finding elements by name EmailListLatestEmail
14:58:33.154:	xpath is //*[@id="primaryContainer"]/div[4]/div/div[1]/div/div[4]/div[3]/div/div[2]/div/div/div/div[5]/div[3]/div[1]/div[3]/div[1]/div/div/div[2]/div[6]
14:58:33.232:	Webelement is [[ChromeDriver: chrome on XP (79a144886807a9bfcf710f8c21082a6c)] -> xpath: //*[@id="primaryContainer"]/div[4]/div/div[1]/div/div[4]/div[3]/div/div[2]/div/div/div/div[5]/div[3]/div[1]/div[3]/div[1]/div/div/div[2]/div[6]]
14:58:33.920:	finding elements by name EmailDetailsPasswordValue
14:58:33.921:	xpath is //*[@id="Item.MessageUniqueBody"]/div/div/div/div[2]/table/tbody/tr/td/div[3]/table/tbody/tr/td/div/table/tbody/tr[3]/td/div/b
14:58:34.205:	Webelement is [[ChromeDriver: chrome on XP (79a144886807a9bfcf710f8c21082a6c)] -> xpath: //*[@id="Item.MessageUniqueBody"]/div/div/div/div[2]/table/tbody/tr/td/div[3]/table/tbody/tr/td/div/table/tbody/tr[3]/td/div/b]
14:58:34.205:	we is [[ChromeDriver: chrome on XP (79a144886807a9bfcf710f8c21082a6c)] -> xpath: //*[@id="Item.MessageUniqueBody"]/div/div/div/div[2]/table/tbody/tr/td/div[3]/table/tbody/tr/td/div/table/tbody/tr[3]/td/div/b]
14:58:34.224:	value is oXu%f*77
14:58:34.224:	<font color='blue'>Test Case: TS_1 completed.</font>
14:58:34.225:	-----------------------------------<br>
