---------Start of logs---------
14:36:44.916:	method sortby (mobilePage, count,Desc) is called.
14:36:44.916:	method addObjectToSortedList ([], 0, 0, mobilePage@261e8e, count, Desc) is called.
14:36:44.916:	method addObjectToSortedList ([mobilePage@261e8e], 0, 1, mobilePage@1737b89, count, Desc) is called.
14:36:44.916:	method compareInVector ([mobilePage@261e8e], 0, mobilePage@1737b89, count) is called.
14:36:44.916:	method get (0, count) is called.
14:36:44.916:	method addObjectToSortedList ([mobilePage@1737b89, mobilePage@261e8e], 0, 2, mobilePage@519cb4, count, Desc) is called.
14:36:44.917:	method compareInVector ([mobilePage@1737b89, mobilePage@261e8e], 1, mobilePage@519cb4, count) is called.
14:36:44.917:	method get (1, count) is called.
14:36:44.917:	method addObjectToSortedList ([mobilePage@1737b89, mobilePage@519cb4, mobilePage@261e8e], 0, 3, mobilePage@1dab4eb, count, Desc) is called.
14:36:44.917:	method compareInVector ([mobilePage@1737b89, mobilePage@519cb4, mobilePage@261e8e], 1, mobilePage@1dab4eb, count) is called.
14:36:44.917:	method get (1, count) is called.
14:36:44.917:	method addObjectToSortedList ([mobilePage@1737b89, mobilePage@1dab4eb, mobilePage@519cb4, mobilePage@261e8e], 0, 4, mobilePage@1901eb0, count, Desc) is called.
14:36:44.917:	method compareInVector ([mobilePage@1737b89, mobilePage@1dab4eb, mobilePage@519cb4, mobilePage@261e8e], 2, mobilePage@1901eb0, count) is called.
14:36:44.917:	method get (2, count) is called.
14:36:44.917:	method addObjectToSortedList ([mobilePage@1737b89, mobilePage@1dab4eb, mobilePage@1901eb0, mobilePage@519cb4, mobilePage@261e8e], 0, 5, mobilePage@1a987b8, count, Desc) is called.
14:36:44.917:	method compareInVector ([mobilePage@1737b89, mobilePage@1dab4eb, mobilePage@1901eb0, mobilePage@519cb4, mobilePage@261e8e], 2, mobilePage@1a987b8, count) is called.
14:36:44.917:	method get (2, count) is called.
14:36:44.917:	method addObjectToSortedList ([mobilePage@1737b89, mobilePage@1dab4eb, mobilePage@1a987b8, mobilePage@1901eb0, mobilePage@519cb4, mobilePage@261e8e], 0, 6, mobilePage@1191845, count, Desc) is called.
14:36:44.917:	method compareInVector ([mobilePage@1737b89, mobilePage@1dab4eb, mobilePage@1a987b8, mobilePage@1901eb0, mobilePage@519cb4, mobilePage@261e8e], 3, mobilePage@1191845, count) is called.
14:36:44.917:	method get (3, count) is called.
14:36:47.515:	ChromeDriver created.
