---------Start of logs---------
11:41:42.671:	The method "logComment()" are called
11:41:42.671:	<font color='grey'>Start of onboarding testing - will access Hive V2 Acquirer Portal, Outlook Web App, as well as mpos app</font>
11:41:42.671:	The method "logComment()" are called
11:41:42.671:	<font color='grey'>This case assumes the app has not been opened</font>
11:41:42.671:	The method "logComment()" are called
11:41:42.671:	<font color='grey'>This case assumes that the browser already remembers login credentials for Outlook Web App so no login is required</font>
11:41:42.671:	The method "logComment()" are called
11:41:42.671:	<font color='grey'>Activation Email sent, now go check the email...</font>
11:41:42.671:	The method "loginToOutlook()" are called
11:41:42.671:	method loginToOutlook () is called.
11:41:43.314:	method findCurrentPage(10) is called.
11:41:43.815:	
11:41:44.496:	Current page is: MicrosoftSignIn
11:41:44.496:	inputText( MicrosoftSignInUsername , ytao@mobeewave.com is called.
11:41:44.496:	finding elements by name MicrosoftSignInUsername
11:41:44.496:	xpath is //*[@id="i0116"]
11:41:44.520:	Webelement is [[ChromeDriver: chrome on XP (dd168cdb3c6657acff381717b421c55e)] -> xpath: //*[@id="i0116"]]
11:41:44.626:	MicrosoftSignInNext is being clicked.
11:41:44.626:	finding elements by name MicrosoftSignInNext
11:41:44.627:	xpath is //*[@id="idSIButton9"]
11:41:44.643:	Webelement is [[ChromeDriver: chrome on XP (dd168cdb3c6657acff381717b421c55e)] -> xpath: //*[@id="idSIButton9"]]
11:41:44.698:	method findCurrentPage(10) is called.
11:41:45.198:	
11:41:45.289:	Current page is: MicrosoftPassword
11:41:45.289:	inputText( MicrosoftPasswordPassword , Thankyou1 is called.
11:41:45.289:	finding elements by name MicrosoftPasswordPassword
11:41:45.289:	xpath is //*[@id="i0118"]
11:41:45.305:	Webelement is [[ChromeDriver: chrome on XP (dd168cdb3c6657acff381717b421c55e)] -> xpath: //*[@id="i0118"]]
11:41:45.365:	MicrosoftPasswordSignIn is being clicked.
11:41:45.365:	finding elements by name MicrosoftPasswordSignIn
11:41:45.365:	xpath is //*[@id="idSIButton9"]
11:41:45.376:	Webelement is [[ChromeDriver: chrome on XP (dd168cdb3c6657acff381717b421c55e)] -> xpath: //*[@id="idSIButton9"]]
11:41:45.973:	method findCurrentPage(10) is called.
11:41:46.473:	
11:41:46.520:	Current page is: MicrosoftStaySignedIn
11:41:46.520:	MicrosoftStaySignedInYes is being clicked.
11:41:46.520:	finding elements by name MicrosoftStaySignedInYes
11:41:46.520:	xpath is //*[@id="idSIButton9"]
11:41:46.528:	Webelement is [[ChromeDriver: chrome on XP (dd168cdb3c6657acff381717b421c55e)] -> xpath: //*[@id="idSIButton9"]]
11:41:56.426:	method findCurrentPage(10) is called.
11:41:56.927:	
11:41:57.249:	Current page is: 
11:41:57.249:	This page  is not recognized.
11:41:57.249:	method findCurrentPage(10) is called.
11:41:57.750:	
11:41:57.904:	Current page is: 
11:41:57.904:	This page  is not recognized.
11:41:57.904:	method findCurrentPage(10) is called.
11:41:58.405:	
11:41:58.515:	Current page is: 
11:41:58.515:	This page  is not recognized.
11:41:58.515:	method findCurrentPage(10) is called.
11:41:59.018:	
11:41:59.089:	Current page is: 
11:41:59.089:	This page  is not recognized.
11:41:59.089:	method findCurrentPage(10) is called.
11:41:59.609:	
11:41:59.702:	Current page is: 
11:41:59.702:	This page  is not recognized.
11:41:59.702:	method findCurrentPage(10) is called.
11:42:00.202:	
11:42:00.373:	Current page is: 
11:42:00.373:	This page  is not recognized.
11:42:00.373:	method findCurrentPage(10) is called.
11:42:00.873:	
11:42:01.165:	Current page is: OutlookFunctionality
11:42:01.165:	The method "waitUntilPresent()" are called
11:42:01.199:	The method "clickButton()" are called
11:42:01.199:	OutlookFunctionalityEmailSearchCover is being clicked.
11:42:01.199:	finding elements by name OutlookFunctionalityEmailSearchCover
11:42:01.199:	xpath is //*[@id="primaryContainer"]/div[4]/div/div[1]/div/div[1]/div[1]/div/div/div[1]/div[1]/div[1]/div[2]/div[2]/button/span[2]
11:42:01.218:	Webelement is [[ChromeDriver: chrome on XP (dd168cdb3c6657acff381717b421c55e)] -> xpath: //*[@id="primaryContainer"]/div[4]/div/div[1]/div/div[1]/div[1]/div/div/div[1]/div[1]/div[1]/div[2]/div[2]/button/span[2]]
11:42:01.513:	The method "waitUntilPresent()" are called
11:42:03.244:	The method "inputText(National Bank Easy Pay Registration Instructions)" are called
11:42:03.245:	inputText( OutlookFunctionalityEmailSearch , National Bank Easy Pay Registration Instructions is called.
11:42:03.245:	finding elements by name OutlookFunctionalityEmailSearch
11:42:03.245:	xpath is //*[@id="primaryContainer"]/div[4]/div/div[1]/div/div[1]/div[1]/div/div/div[1]/div[1]/div[1]/div[2]/div[2]/div/div[1]/div/form/div/input
11:42:03.302:	Webelement is [[ChromeDriver: chrome on XP (dd168cdb3c6657acff381717b421c55e)] -> xpath: //*[@id="primaryContainer"]/div[4]/div/div[1]/div/div[1]/div[1]/div/div/div[1]/div[1]/div[1]/div[2]/div[2]/div/div[1]/div/form/div/input]
11:42:04.403:	The method "clickButton()" are called
11:42:04.403:	OutlookFunctionalitySearchButton is being clicked.
11:42:04.404:	finding elements by name OutlookFunctionalitySearchButton
11:42:04.404:	xpath is //*[@id="primaryContainer"]/div[4]/div/div[1]/div/div[1]/div[1]/div/div/div[1]/div[1]/div[1]/div[2]/div[2]/div/div[1]/div/button[1]
11:42:04.440:	Webelement is [[ChromeDriver: chrome on XP (dd168cdb3c6657acff381717b421c55e)] -> xpath: //*[@id="primaryContainer"]/div[4]/div/div[1]/div/div[1]/div[1]/div/div/div[1]/div[1]/div[1]/div[2]/div[2]/div/div[1]/div/button[1]]
11:42:04.647:	The method "wait()" are called
11:42:07.647:	The method "clickButton()" are called
11:42:07.647:	test2 is being clicked.
11:42:07.647:	finding elements by name test2
11:42:07.647:	xpath is //*[contains(text(),'re almost there.')]/../../..
11:42:07.697:	Webelement is [[ChromeDriver: chrome on XP (dd168cdb3c6657acff381717b421c55e)] -> xpath: //*[contains(text(),'re almost there.')]/../../..]
11:42:08.088:	The method "wait()" are called
11:42:11.089:	The method "readFromPage(EmailDetailsMerchantIDValue)" are called
