---------Start of logs---------
14:52:50.549:	The method "logComment()" are called
14:52:50.549:	<font color='grey'>Start of onboarding testing - will access Hive V2 Acquirer Portal, Outlook Web App, as well as mpos app</font>
14:52:50.549:	The method "logComment()" are called
14:52:50.549:	<font color='grey'>This case assumes the app has not been opened</font>
14:52:50.550:	The method "logComment()" are called
14:52:50.550:	<font color='grey'>This case assumes that the browser already remembers login credentials for Outlook Web App so no login is required</font>
14:52:50.550:	The method "checkPassword()" are called
14:52:50.550:	method loginToOutlook () is called.
14:52:52.264:	method findCurrentPage(10) is called.
14:52:52.765:	
14:52:52.835:	Current page is: MicrosoftSignIn
14:52:52.836:	inputText( MicrosoftSignInUsername , ytao@mobeewave.com is called.
14:52:52.836:	finding elements by name MicrosoftSignInUsername
14:52:52.836:	xpath is //*[@id="i0116"]
14:52:52.848:	Webelement is [[ChromeDriver: chrome on XP (1dbfe922383a58a9e54d7488764b096f)] -> xpath: //*[@id="i0116"]]
14:52:52.964:	MicrosoftSignInNext is being clicked.
14:52:52.964:	finding elements by name MicrosoftSignInNext
14:52:52.964:	xpath is //*[@id="idSIButton9"]
14:52:52.988:	Webelement is [[ChromeDriver: chrome on XP (1dbfe922383a58a9e54d7488764b096f)] -> xpath: //*[@id="idSIButton9"]]
14:52:53.058:	method findCurrentPage(10) is called.
14:52:53.558:	
14:52:53.728:	Current page is: MicrosoftPassword
14:52:53.728:	inputText( MicrosoftPasswordPassword , Thankyou1 is called.
14:52:53.728:	finding elements by name MicrosoftPasswordPassword
14:52:53.728:	xpath is //*[@id="i0118"]
14:52:53.747:	Webelement is [[ChromeDriver: chrome on XP (1dbfe922383a58a9e54d7488764b096f)] -> xpath: //*[@id="i0118"]]
14:52:53.820:	MicrosoftPasswordSignIn is being clicked.
14:52:53.820:	finding elements by name MicrosoftPasswordSignIn
14:52:53.821:	xpath is //*[@id="idSIButton9"]
14:52:53.855:	Webelement is [[ChromeDriver: chrome on XP (1dbfe922383a58a9e54d7488764b096f)] -> xpath: //*[@id="idSIButton9"]]
14:52:54.789:	method findCurrentPage(10) is called.
14:52:55.290:	
14:52:55.342:	Current page is: MicrosoftStaySignedIn
14:52:55.342:	MicrosoftStaySignedInYes is being clicked.
14:52:55.342:	finding elements by name MicrosoftStaySignedInYes
14:52:55.342:	xpath is //*[@id="idSIButton9"]
14:52:55.352:	Webelement is [[ChromeDriver: chrome on XP (1dbfe922383a58a9e54d7488764b096f)] -> xpath: //*[@id="idSIButton9"]]
14:52:59.382:	method findCurrentPage(10) is called.
14:52:59.883:	
14:53:00.162:	Current page is: 
14:53:00.162:	This page  is not recognized.
14:53:00.162:	method findCurrentPage(10) is called.
14:53:00.662:	
14:53:00.735:	Current page is: 
14:53:00.735:	This page  is not recognized.
14:53:00.735:	method findCurrentPage(10) is called.
14:53:01.236:	
14:53:01.316:	Current page is: 
14:53:01.316:	This page  is not recognized.
14:53:01.316:	method findCurrentPage(10) is called.
14:53:01.816:	
14:53:01.908:	Current page is: 
14:53:01.908:	This page  is not recognized.
14:53:01.908:	method findCurrentPage(10) is called.
14:53:02.409:	
14:53:02.887:	Current page is: 
14:53:02.887:	This page  is not recognized.
14:53:02.887:	method findCurrentPage(10) is called.
14:53:03.387:	
14:53:03.415:	Current page is: OutlookFunctionality
14:53:03.444:	OutlookFunctionalityEmailSearchCover is being clicked.
14:53:03.444:	finding elements by name OutlookFunctionalityEmailSearchCover
14:53:03.444:	xpath is //*[@id="primaryContainer"]/div[4]/div/div[1]/div/div[1]/div[1]/div/div/div[1]/div[1]/div[1]/div[2]/div[2]/button/span[2]
14:53:03.494:	Webelement is [[ChromeDriver: chrome on XP (1dbfe922383a58a9e54d7488764b096f)] -> xpath: //*[@id="primaryContainer"]/div[4]/div/div[1]/div/div[1]/div[1]/div/div/div[1]/div[1]/div[1]/div[2]/div[2]/button/span[2]]
14:53:03.729:	inputText( OutlookFunctionalityEmailSearch , National Bank Easy Pay Registration Instructions is called.
14:53:03.729:	finding elements by name OutlookFunctionalityEmailSearch
14:53:03.729:	xpath is //*[@id="primaryContainer"]/div[4]/div/div[1]/div/div[1]/div[1]/div/div/div[1]/div[1]/div[1]/div[2]/div[2]/div/div[1]/div/form/div/input
14:53:03.772:	Webelement is [[ChromeDriver: chrome on XP (1dbfe922383a58a9e54d7488764b096f)] -> xpath: //*[@id="primaryContainer"]/div[4]/div/div[1]/div/div[1]/div[1]/div/div/div[1]/div[1]/div[1]/div[2]/div[2]/div/div[1]/div/form/div/input]
14:53:04.765:	OutlookFunctionalitySearchButton is being clicked.
14:53:04.765:	finding elements by name OutlookFunctionalitySearchButton
14:53:04.765:	xpath is //*[@id="primaryContainer"]/div[4]/div/div[1]/div/div[1]/div[1]/div/div/div[1]/div[1]/div[1]/div[2]/div[2]/div/div[1]/div/button[1]
14:53:04.808:	Webelement is [[ChromeDriver: chrome on XP (1dbfe922383a58a9e54d7488764b096f)] -> xpath: //*[@id="primaryContainer"]/div[4]/div/div[1]/div/div[1]/div[1]/div/div/div[1]/div[1]/div[1]/div[2]/div[2]/div/div[1]/div/button[1]]
14:53:05.722:	EmailListLatestEmail is being clicked.
14:53:05.723:	finding elements by name EmailListLatestEmail
14:53:05.723:	xpath is //*[@id="primaryContainer"]/div[4]/div/div[1]/div/div[4]/div[3]/div/div[2]/div/div/div/div[5]/div[3]/div[1]/div[3]/div[1]/div/div/div[2]/div[6]
14:53:05.768:	Webelement is [[ChromeDriver: chrome on XP (1dbfe922383a58a9e54d7488764b096f)] -> xpath: //*[@id="primaryContainer"]/div[4]/div/div[1]/div/div[4]/div[3]/div/div[2]/div/div/div/div[5]/div[3]/div[1]/div[3]/div[1]/div/div/div[2]/div[6]]
14:53:06.412:	finding elements by name EmailDetailsPasswordValue
14:53:06.412:	xpath is //*[@id="Item.MessageUniqueBody"]/div/div/div/div[2]/table/tbody/tr/td/div[3]/table/tbody/tr/td/div/table/tbody/tr[3]/td/div/b
14:53:06.429:	Webelement is [[ChromeDriver: chrome on XP (1dbfe922383a58a9e54d7488764b096f)] -> xpath: //*[@id="Item.MessageUniqueBody"]/div/div/div/div[2]/table/tbody/tr/td/div[3]/table/tbody/tr/td/div/table/tbody/tr[3]/td/div/b]
14:53:06.429:	we is [[ChromeDriver: chrome on XP (1dbfe922383a58a9e54d7488764b096f)] -> xpath: //*[@id="Item.MessageUniqueBody"]/div/div/div/div[2]/table/tbody/tr/td/div[3]/table/tbody/tr/td/div/table/tbody/tr[3]/td/div/b]
14:53:06.444:	value is fA9ac<9!
14:53:06.444:	The method "launch()" are called
14:53:09.425:	The method "waitUntilPresent()" are called
14:53:09.448:	The method "inputText(admin)" are called
14:53:09.448:	inputText( LoginUsername , admin is called.
14:53:09.448:	finding elements by name LoginUsername
14:53:09.448:	xpath is /html/body/div/div/div/div[2]/form[1]/div[2]/input
14:53:09.472:	Webelement is [[ChromeDriver: chrome on XP (c7fd9043d362ea0cc01f4d182e3a3894)] -> xpath: /html/body/div/div/div/div[2]/form[1]/div[2]/input]
14:53:09.544:	The method "inputText(Mobeewave2015)" are called
14:53:09.544:	inputText( LoginPassword , Mobeewave2015 is called.
14:53:09.544:	finding elements by name LoginPassword
14:53:09.544:	xpath is /html/body/div/div/div/div[2]/form[1]/div[3]/input
14:53:09.562:	Webelement is [[ChromeDriver: chrome on XP (c7fd9043d362ea0cc01f4d182e3a3894)] -> xpath: /html/body/div/div/div/div[2]/form[1]/div[3]/input]
14:53:09.645:	The method "clickButton()" are called
14:53:09.645:	LoginLogin is being clicked.
14:53:09.645:	finding elements by name LoginLogin
14:53:09.645:	xpath is //*[@id="login"]
14:53:09.663:	Webelement is [[ChromeDriver: chrome on XP (c7fd9043d362ea0cc01f4d182e3a3894)] -> xpath: //*[@id="login"]]
14:53:09.815:	The method "waitUntilPresent()" are called
14:53:10.891:	The method "inputText(taoyenbc90123101)" are called
14:53:10.891:	inputText( MerchantListSearch , taoyenbc90123101 is called.
14:53:10.891:	finding elements by name MerchantListSearch
14:53:10.891:	xpath is //*[@id="filterByFieldValue"]
14:53:10.934:	Webelement is [[ChromeDriver: chrome on XP (c7fd9043d362ea0cc01f4d182e3a3894)] -> xpath: //*[@id="filterByFieldValue"]]
14:53:11.086:	The method "wait()" are called
14:53:14.087:	The method "clickButton()" are called
14:53:14.087:	MerchantListDetails is being clicked.
14:53:14.087:	finding elements by name MerchantListDetails
14:53:14.087:	xpath is /html/body/div/div[2]/div/div[2]/div/div[2]/div[1]/table/tbody/tr[1]/td[6]/button
14:53:14.129:	Webelement is [[ChromeDriver: chrome on XP (c7fd9043d362ea0cc01f4d182e3a3894)] -> xpath: /html/body/div/div[2]/div/div[2]/div/div[2]/div[1]/table/tbody/tr[1]/td[6]/button]
14:53:14.311:	The method "waitUntilPresent()" are called
14:53:14.329:	The method "wait()" are called
14:53:17.330:	The method "clickButton()" are called
14:53:17.330:	MerchantDetailsResendActivationEmail is being clicked.
14:53:17.330:	finding elements by name MerchantDetailsResendActivationEmail
14:53:17.330:	xpath is /html/body/div/div[2]/div/div[2]/div/div[2]/div/div[8]/div/button[2]
14:53:17.342:	Webelement is [[ChromeDriver: chrome on XP (c7fd9043d362ea0cc01f4d182e3a3894)] -> xpath: /html/body/div/div[2]/div/div[2]/div/div[2]/div/div[8]/div/button[2]]
14:53:17.380:	The method "logComment()" are called
14:53:17.380:	<font color='grey'>Activation Email sent, now go check the email...</font>
14:53:17.380:	The method "checkNewPassword()" are called
14:53:17.380:	trying to check whether new email for password has been received
14:53:19.818:	In while loop with time elapsed0
14:53:19.818:	OutlookFunctionalitySearchButton is being clicked.
14:53:19.818:	finding elements by name OutlookFunctionalitySearchButton
14:53:19.819:	xpath is //*[@id="primaryContainer"]/div[4]/div/div[1]/div/div[1]/div[1]/div/div/div[1]/div[1]/div[1]/div[2]/div[2]/div/div[1]/div/button[1]
14:53:19.957:	exception caught during button click, failed to find OutlookFunctionalitySearchButton
14:53:19.989:	EmailListLatestEmail is being clicked.
14:53:19.989:	finding elements by name EmailListLatestEmail
14:53:19.989:	xpath is //*[@id="primaryContainer"]/div[4]/div/div[1]/div/div[4]/div[3]/div/div[2]/div/div/div/div[5]/div[3]/div[1]/div[3]/div[1]/div/div/div[2]/div[6]
14:53:20.001:	Webelement is [[ChromeDriver: chrome on XP (1dbfe922383a58a9e54d7488764b096f)] -> xpath: //*[@id="primaryContainer"]/div[4]/div/div[1]/div/div[4]/div[3]/div/div[2]/div/div/div/div[5]/div[3]/div[1]/div[3]/div[1]/div/div/div[2]/div[6]]
