---------Start of logs---------
11:28:43.361:	The method "logComment()" are called
11:28:43.362:	<font color='grey'>Start of onboarding testing - will access Hive V2 Acquirer Portal, Outlook Web App, as well as mpos app</font>
11:28:43.362:	The method "logComment()" are called
11:28:43.362:	<font color='grey'>This case assumes the app has not been opened</font>
11:28:43.362:	The method "logComment()" are called
11:28:43.362:	<font color='grey'>This case assumes that the browser already remembers login credentials for Outlook Web App so no login is required</font>
11:28:43.363:	The method "logComment()" are called
11:28:43.363:	<font color='grey'>Activation Email sent, now go check the email...</font>
11:28:43.363:	The method "loginToOutlook()" are called
11:28:43.363:	method loginToOutlook () is called.
11:28:44.009:	method findCurrentPage(10) is called.
11:28:44.511:	
11:28:44.687:	Current page is: MicrosoftSignIn
11:28:44.687:	inputText( MicrosoftSignInUsername , ytao@mobeewave.com is called.
11:28:44.687:	finding elements by name MicrosoftSignInUsername
11:28:44.687:	xpath is //*[@id="i0116"]
11:28:44.712:	Webelement is [[ChromeDriver: chrome on XP (3a1c788a4f975af2f5db32590ee9c0cd)] -> xpath: //*[@id="i0116"]]
11:28:44.825:	MicrosoftSignInNext is being clicked.
11:28:44.825:	finding elements by name MicrosoftSignInNext
11:28:44.825:	xpath is //*[@id="idSIButton9"]
11:28:44.842:	Webelement is [[ChromeDriver: chrome on XP (3a1c788a4f975af2f5db32590ee9c0cd)] -> xpath: //*[@id="idSIButton9"]]
11:28:44.912:	method findCurrentPage(10) is called.
11:28:45.412:	
11:28:45.539:	Current page is: MicrosoftPassword
11:28:45.539:	inputText( MicrosoftPasswordPassword , Thankyou1 is called.
11:28:45.539:	finding elements by name MicrosoftPasswordPassword
11:28:45.539:	xpath is //*[@id="i0118"]
11:28:45.562:	Webelement is [[ChromeDriver: chrome on XP (3a1c788a4f975af2f5db32590ee9c0cd)] -> xpath: //*[@id="i0118"]]
11:28:45.610:	MicrosoftPasswordSignIn is being clicked.
11:28:45.610:	finding elements by name MicrosoftPasswordSignIn
11:28:45.611:	xpath is //*[@id="idSIButton9"]
11:28:45.618:	Webelement is [[ChromeDriver: chrome on XP (3a1c788a4f975af2f5db32590ee9c0cd)] -> xpath: //*[@id="idSIButton9"]]
11:28:46.131:	method findCurrentPage(10) is called.
11:28:46.632:	
11:28:46.720:	Current page is: MicrosoftStaySignedIn
11:28:46.720:	MicrosoftStaySignedInYes is being clicked.
11:28:46.720:	finding elements by name MicrosoftStaySignedInYes
11:28:46.720:	xpath is //*[@id="idSIButton9"]
11:28:46.730:	Webelement is [[ChromeDriver: chrome on XP (3a1c788a4f975af2f5db32590ee9c0cd)] -> xpath: //*[@id="idSIButton9"]]
11:28:48.355:	method findCurrentPage(10) is called.
11:28:48.855:	
11:28:49.022:	Current page is: 
11:28:49.023:	This page  is not recognized.
11:28:49.023:	method findCurrentPage(10) is called.
11:28:49.523:	
11:28:49.653:	Current page is: 
11:28:49.653:	This page  is not recognized.
11:28:49.653:	method findCurrentPage(10) is called.
11:28:50.154:	
11:28:50.355:	Current page is: OutlookFunctionality
11:28:50.355:	The method "waitUntilPresent()" are called
11:28:50.449:	The method "clickButton()" are called
11:28:50.449:	OutlookFunctionalityEmailSearchCover is being clicked.
11:28:50.449:	finding elements by name OutlookFunctionalityEmailSearchCover
11:28:50.449:	xpath is //*[@id="primaryContainer"]/div[4]/div/div[1]/div/div[1]/div[1]/div/div/div[1]/div[1]/div[1]/div[2]/div[2]/button/span[2]
11:28:50.488:	Webelement is [[ChromeDriver: chrome on XP (3a1c788a4f975af2f5db32590ee9c0cd)] -> xpath: //*[@id="primaryContainer"]/div[4]/div/div[1]/div/div[1]/div[1]/div/div/div[1]/div[1]/div[1]/div[2]/div[2]/button/span[2]]
11:28:50.582:	The method "waitUntilPresent()" are called
11:28:51.269:	The method "inputText(National Bank Easy Pay Registration Instructions)" are called
11:28:51.269:	inputText( OutlookFunctionalityEmailSearch , National Bank Easy Pay Registration Instructions is called.
11:28:51.269:	finding elements by name OutlookFunctionalityEmailSearch
11:28:51.269:	xpath is //*[@id="primaryContainer"]/div[4]/div/div[1]/div/div[1]/div[1]/div/div/div[1]/div[1]/div[1]/div[2]/div[2]/div/div[1]/div/form/div/input
11:28:51.295:	Webelement is [[ChromeDriver: chrome on XP (3a1c788a4f975af2f5db32590ee9c0cd)] -> xpath: //*[@id="primaryContainer"]/div[4]/div/div[1]/div/div[1]/div[1]/div/div/div[1]/div[1]/div[1]/div[2]/div[2]/div/div[1]/div/form/div/input]
11:28:52.834:	The method "clickButton()" are called
11:28:52.834:	OutlookFunctionalitySearchButton is being clicked.
11:28:52.834:	finding elements by name OutlookFunctionalitySearchButton
11:28:52.834:	xpath is //*[@id="primaryContainer"]/div[4]/div/div[1]/div/div[1]/div[1]/div/div/div[1]/div[1]/div[1]/div[2]/div[2]/div/div[1]/div/button[1]
11:28:52.853:	Webelement is [[ChromeDriver: chrome on XP (3a1c788a4f975af2f5db32590ee9c0cd)] -> xpath: //*[@id="primaryContainer"]/div[4]/div/div[1]/div/div[1]/div[1]/div/div/div[1]/div[1]/div[1]/div[2]/div[2]/div/div[1]/div/button[1]]
11:28:52.976:	The method "wait()" are called
11:28:55.977:	The method "clickButton()" are called
11:28:55.977:	test2 is being clicked.
11:28:55.977:	finding elements by name test2
11:28:55.978:	xpath is //*[contains(text(),'re almost there.')]/../../..
11:28:56.027:	Webelement is [[ChromeDriver: chrome on XP (3a1c788a4f975af2f5db32590ee9c0cd)] -> xpath: //*[contains(text(),'re almost there.')]/../../..]
11:28:56.214:	The method "wait()" are called
11:28:59.214:	The method "readFromPage(EmailDetailsMerchantIDValue)" are called
11:29:08.013:	finding elements by name EmailDetailsMerchantIDValue
11:29:08.016:	xpath is //*[@id="Item.MessageUniqueBody"]/div/div/div/div[2]/table/tbody/tr/td/div[3]/table/tbody/tr/td/div/table/tbody/tr[2]/td/div/b
