---------Start of logs---------
14:43:02.924:	method sortby (mobilePage, count,Desc) is called.
14:43:02.924:	method addObjectToSortedList ([], 0, 0, mobilePage@261e8e, count, Desc) is called.
14:43:02.924:	method addObjectToSortedList ([mobilePage@261e8e], 0, 1, mobilePage@1737b89, count, Desc) is called.
14:43:02.924:	method compareInVector ([mobilePage@261e8e], 0, mobilePage@1737b89, count) is called.
14:43:02.924:	method get (0, count) is called.
14:43:02.924:	method addObjectToSortedList ([mobilePage@1737b89, mobilePage@261e8e], 0, 2, mobilePage@519cb4, count, Desc) is called.
14:43:02.924:	method compareInVector ([mobilePage@1737b89, mobilePage@261e8e], 1, mobilePage@519cb4, count) is called.
14:43:02.924:	method get (1, count) is called.
14:43:02.924:	method addObjectToSortedList ([mobilePage@1737b89, mobilePage@519cb4, mobilePage@261e8e], 0, 3, mobilePage@1dab4eb, count, Desc) is called.
14:43:02.924:	method compareInVector ([mobilePage@1737b89, mobilePage@519cb4, mobilePage@261e8e], 1, mobilePage@1dab4eb, count) is called.
14:43:02.924:	method get (1, count) is called.
14:43:02.924:	method addObjectToSortedList ([mobilePage@1737b89, mobilePage@1dab4eb, mobilePage@519cb4, mobilePage@261e8e], 0, 4, mobilePage@1901eb0, count, Desc) is called.
14:43:02.925:	method compareInVector ([mobilePage@1737b89, mobilePage@1dab4eb, mobilePage@519cb4, mobilePage@261e8e], 2, mobilePage@1901eb0, count) is called.
14:43:02.925:	method get (2, count) is called.
14:43:02.925:	method compareInVector ([mobilePage@1737b89, mobilePage@1dab4eb, mobilePage@519cb4, mobilePage@261e8e], 2, mobilePage@1901eb0, count) is called.
14:43:02.925:	method get (2, count) is called.
14:43:02.925:	method compareInVector ([mobilePage@1737b89, mobilePage@1dab4eb, mobilePage@519cb4, mobilePage@261e8e], 2, mobilePage@1901eb0, count) is called.
14:43:02.925:	method get (2, count) is called.
14:43:02.925:	method addObjectToSortedList ([mobilePage@1737b89, mobilePage@1dab4eb, mobilePage@519cb4, mobilePage@261e8e], 0, 2, mobilePage@1901eb0, count, Desc) is called.
14:43:02.925:	method compareInVector ([mobilePage@1737b89, mobilePage@1dab4eb, mobilePage@519cb4, mobilePage@261e8e], 1, mobilePage@1901eb0, count) is called.
14:43:02.925:	method get (1, count) is called.
14:43:02.925:	method compareInVector ([mobilePage@1737b89, mobilePage@1dab4eb, mobilePage@519cb4, mobilePage@261e8e], 1, mobilePage@1901eb0, count) is called.
14:43:02.925:	method get (1, count) is called.
14:43:02.925:	method compareInVector ([mobilePage@1737b89, mobilePage@1dab4eb, mobilePage@519cb4, mobilePage@261e8e], 1, mobilePage@1901eb0, count) is called.
14:43:02.925:	method get (1, count) is called.
14:43:02.925:	method addObjectToSortedList ([mobilePage@1737b89, mobilePage@1dab4eb, mobilePage@519cb4, mobilePage@261e8e], 0, 1, mobilePage@1901eb0, count, Desc) is called.
14:43:02.925:	method compareInVector ([mobilePage@1737b89, mobilePage@1dab4eb, mobilePage@519cb4, mobilePage@261e8e], 0, mobilePage@1901eb0, count) is called.
14:43:02.925:	method get (0, count) is called.
14:43:02.925:	method compareInVector ([mobilePage@1737b89, mobilePage@1dab4eb, mobilePage@519cb4, mobilePage@261e8e], 0, mobilePage@1901eb0, count) is called.
14:43:02.925:	method get (0, count) is called.
14:43:02.925:	method compareInVector ([mobilePage@1737b89, mobilePage@1dab4eb, mobilePage@519cb4, mobilePage@261e8e], 0, mobilePage@1901eb0, count) is called.
14:43:02.925:	method get (0, count) is called.
14:43:02.925:	method addObjectToSortedList ([mobilePage@1737b89, mobilePage@1dab4eb, mobilePage@519cb4, mobilePage@261e8e], 0, 0, mobilePage@1901eb0, count, Desc) is called.
14:43:02.925:	method compareInVector ([mobilePage@1737b89, mobilePage@1dab4eb, mobilePage@519cb4, mobilePage@261e8e], 0, mobilePage@1901eb0, count) is called.
14:43:02.925:	method get (0, count) is called.
14:43:02.925:	method addObjectToSortedList ([mobilePage@1901eb0, mobilePage@1737b89, mobilePage@1dab4eb, mobilePage@519cb4, mobilePage@261e8e], 0, 5, mobilePage@1a987b8, count, Desc) is called.
14:43:02.925:	method compareInVector ([mobilePage@1901eb0, mobilePage@1737b89, mobilePage@1dab4eb, mobilePage@519cb4, mobilePage@261e8e], 2, mobilePage@1a987b8, count) is called.
14:43:02.925:	method get (2, count) is called.
14:43:02.925:	method compareInVector ([mobilePage@1901eb0, mobilePage@1737b89, mobilePage@1dab4eb, mobilePage@519cb4, mobilePage@261e8e], 2, mobilePage@1a987b8, count) is called.
14:43:02.925:	method get (2, count) is called.
14:43:02.925:	method compareInVector ([mobilePage@1901eb0, mobilePage@1737b89, mobilePage@1dab4eb, mobilePage@519cb4, mobilePage@261e8e], 2, mobilePage@1a987b8, count) is called.
14:43:02.925:	method get (2, count) is called.
14:43:02.925:	method addObjectToSortedList ([mobilePage@1901eb0, mobilePage@1737b89, mobilePage@1dab4eb, mobilePage@519cb4, mobilePage@261e8e], 0, 2, mobilePage@1a987b8, count, Desc) is called.
14:43:02.925:	method compareInVector ([mobilePage@1901eb0, mobilePage@1737b89, mobilePage@1dab4eb, mobilePage@519cb4, mobilePage@261e8e], 1, mobilePage@1a987b8, count) is called.
14:43:02.925:	method get (1, count) is called.
14:43:02.925:	method compareInVector ([mobilePage@1901eb0, mobilePage@1737b89, mobilePage@1dab4eb, mobilePage@519cb4, mobilePage@261e8e], 1, mobilePage@1a987b8, count) is called.
14:43:02.925:	method get (1, count) is called.
14:43:02.926:	method compareInVector ([mobilePage@1901eb0, mobilePage@1737b89, mobilePage@1dab4eb, mobilePage@519cb4, mobilePage@261e8e], 1, mobilePage@1a987b8, count) is called.
14:43:02.926:	method get (1, count) is called.
14:43:02.926:	method addObjectToSortedList ([mobilePage@1901eb0, mobilePage@1737b89, mobilePage@1dab4eb, mobilePage@519cb4, mobilePage@261e8e], 0, 1, mobilePage@1a987b8, count, Desc) is called.
14:43:02.926:	method compareInVector ([mobilePage@1901eb0, mobilePage@1737b89, mobilePage@1dab4eb, mobilePage@519cb4, mobilePage@261e8e], 0, mobilePage@1a987b8, count) is called.
14:43:02.926:	method get (0, count) is called.
14:43:02.926:	method addObjectToSortedList ([mobilePage@1a987b8, mobilePage@1901eb0, mobilePage@1737b89, mobilePage@1dab4eb, mobilePage@519cb4, mobilePage@261e8e], 0, 6, mobilePage@1191845, count, Desc) is called.
14:43:02.926:	method compareInVector ([mobilePage@1a987b8, mobilePage@1901eb0, mobilePage@1737b89, mobilePage@1dab4eb, mobilePage@519cb4, mobilePage@261e8e], 3, mobilePage@1191845, count) is called.
14:43:02.926:	method get (3, count) is called.
14:43:02.926:	method compareInVector ([mobilePage@1a987b8, mobilePage@1901eb0, mobilePage@1737b89, mobilePage@1dab4eb, mobilePage@519cb4, mobilePage@261e8e], 3, mobilePage@1191845, count) is called.
14:43:02.926:	method get (3, count) is called.
14:43:02.926:	method compareInVector ([mobilePage@1a987b8, mobilePage@1901eb0, mobilePage@1737b89, mobilePage@1dab4eb, mobilePage@519cb4, mobilePage@261e8e], 3, mobilePage@1191845, count) is called.
14:43:02.926:	method get (3, count) is called.
14:43:02.926:	method addObjectToSortedList ([mobilePage@1a987b8, mobilePage@1901eb0, mobilePage@1737b89, mobilePage@1dab4eb, mobilePage@519cb4, mobilePage@261e8e], 0, 3, mobilePage@1191845, count, Desc) is called.
14:43:02.926:	method compareInVector ([mobilePage@1a987b8, mobilePage@1901eb0, mobilePage@1737b89, mobilePage@1dab4eb, mobilePage@519cb4, mobilePage@261e8e], 1, mobilePage@1191845, count) is called.
14:43:02.926:	method get (1, count) is called.
14:43:02.926:	method addObjectToSortedList ([mobilePage@1a987b8, mobilePage@1191845, mobilePage@1901eb0, mobilePage@1737b89, mobilePage@1dab4eb, mobilePage@519cb4, mobilePage@261e8e], 0, 7, mobilePage@1049ea1, count, Desc) is called.
14:43:02.926:	method compareInVector ([mobilePage@1a987b8, mobilePage@1191845, mobilePage@1901eb0, mobilePage@1737b89, mobilePage@1dab4eb, mobilePage@519cb4, mobilePage@261e8e], 3, mobilePage@1049ea1, count) is called.
14:43:02.926:	method get (3, count) is called.
14:43:02.926:	method compareInVector ([mobilePage@1a987b8, mobilePage@1191845, mobilePage@1901eb0, mobilePage@1737b89, mobilePage@1dab4eb, mobilePage@519cb4, mobilePage@261e8e], 3, mobilePage@1049ea1, count) is called.
14:43:02.926:	method get (3, count) is called.
14:43:02.926:	method compareInVector ([mobilePage@1a987b8, mobilePage@1191845, mobilePage@1901eb0, mobilePage@1737b89, mobilePage@1dab4eb, mobilePage@519cb4, mobilePage@261e8e], 3, mobilePage@1049ea1, count) is called.
14:43:02.926:	method get (3, count) is called.
14:43:02.926:	method addObjectToSortedList ([mobilePage@1a987b8, mobilePage@1191845, mobilePage@1901eb0, mobilePage@1737b89, mobilePage@1dab4eb, mobilePage@519cb4, mobilePage@261e8e], 0, 3, mobilePage@1049ea1, count, Desc) is called.
14:43:02.926:	method compareInVector ([mobilePage@1a987b8, mobilePage@1191845, mobilePage@1901eb0, mobilePage@1737b89, mobilePage@1dab4eb, mobilePage@519cb4, mobilePage@261e8e], 1, mobilePage@1049ea1, count) is called.
14:43:02.926:	method get (1, count) is called.
14:43:05.166:	ChromeDriver created.
