---------Start of logs---------
11:22:55.759:	The method "logComment()" are called
11:22:55.759:	<font color='grey'>Start of onboarding testing - will access Hive V2 Acquirer Portal, Outlook Web App, as well as mpos app</font>
11:22:55.759:	The method "logComment()" are called
11:22:55.759:	<font color='grey'>This case assumes the app has not been opened</font>
11:22:55.759:	The method "logComment()" are called
11:22:55.759:	<font color='grey'>This case assumes that the browser already remembers login credentials for Outlook Web App so no login is required</font>
11:22:55.759:	The method "logComment()" are called
11:22:55.759:	<font color='grey'>Activation Email sent, now go check the email...</font>
11:22:55.759:	The method "loginToOutlook()" are called
11:22:55.759:	method loginToOutlook () is called.
11:22:56.696:	method findCurrentPage(10) is called.
11:22:57.196:	
11:22:57.513:	Current page is: MicrosoftSignIn
11:22:57.513:	inputText( MicrosoftSignInUsername , ytao@mobeewave.com is called.
11:22:57.513:	finding elements by name MicrosoftSignInUsername
11:22:57.513:	xpath is //*[@id="i0116"]
11:22:57.537:	Webelement is [[ChromeDriver: chrome on XP (6f87e996737bc40767028585c447528c)] -> xpath: //*[@id="i0116"]]
11:22:57.688:	MicrosoftSignInNext is being clicked.
11:22:57.688:	finding elements by name MicrosoftSignInNext
11:22:57.688:	xpath is //*[@id="idSIButton9"]
11:22:57.704:	Webelement is [[ChromeDriver: chrome on XP (6f87e996737bc40767028585c447528c)] -> xpath: //*[@id="idSIButton9"]]
11:22:57.774:	method findCurrentPage(10) is called.
11:22:58.275:	
11:22:58.380:	Current page is: MicrosoftPassword
11:22:58.380:	inputText( MicrosoftPasswordPassword , Thankyou1 is called.
11:22:58.381:	finding elements by name MicrosoftPasswordPassword
11:22:58.381:	xpath is //*[@id="i0118"]
11:22:58.403:	Webelement is [[ChromeDriver: chrome on XP (6f87e996737bc40767028585c447528c)] -> xpath: //*[@id="i0118"]]
11:22:58.465:	MicrosoftPasswordSignIn is being clicked.
11:22:58.465:	finding elements by name MicrosoftPasswordSignIn
11:22:58.465:	xpath is //*[@id="idSIButton9"]
11:22:58.478:	Webelement is [[ChromeDriver: chrome on XP (6f87e996737bc40767028585c447528c)] -> xpath: //*[@id="idSIButton9"]]
11:22:58.972:	method findCurrentPage(10) is called.
11:22:59.472:	
11:22:59.519:	Current page is: MicrosoftStaySignedIn
11:22:59.519:	MicrosoftStaySignedInYes is being clicked.
11:22:59.519:	finding elements by name MicrosoftStaySignedInYes
11:22:59.519:	xpath is //*[@id="idSIButton9"]
11:22:59.531:	Webelement is [[ChromeDriver: chrome on XP (6f87e996737bc40767028585c447528c)] -> xpath: //*[@id="idSIButton9"]]
11:23:31.028:	method findCurrentPage(10) is called.
11:23:31.529:	
11:23:31.685:	Current page is: 
11:23:31.685:	This page  is not recognized.
11:23:31.685:	method findCurrentPage(10) is called.
11:23:32.193:	
11:23:32.291:	Current page is: 
11:23:32.291:	This page  is not recognized.
11:23:32.291:	method findCurrentPage(10) is called.
11:23:32.802:	
11:23:32.915:	Current page is: 
11:23:32.915:	This page  is not recognized.
11:23:32.915:	method findCurrentPage(10) is called.
11:23:33.427:	
11:23:33.564:	Current page is: 
11:23:33.564:	This page  is not recognized.
11:23:33.564:	method findCurrentPage(10) is called.
11:23:34.065:	
11:23:34.311:	Current page is: OutlookFunctionality
11:23:34.311:	The method "waitUntilPresent()" are called
11:23:34.373:	The method "clickButton()" are called
11:23:34.373:	OutlookFunctionalityEmailSearchCover is being clicked.
11:23:34.373:	finding elements by name OutlookFunctionalityEmailSearchCover
11:23:34.373:	xpath is //*[@id="primaryContainer"]/div[4]/div/div[1]/div/div[1]/div[1]/div/div/div[1]/div[1]/div[1]/div[2]/div[2]/button/span[2]
11:23:34.393:	Webelement is [[ChromeDriver: chrome on XP (6f87e996737bc40767028585c447528c)] -> xpath: //*[@id="primaryContainer"]/div[4]/div/div[1]/div/div[1]/div[1]/div/div/div[1]/div[1]/div[1]/div[2]/div[2]/button/span[2]]
11:23:34.602:	The method "waitUntilPresent()" are called
11:23:35.821:	The method "inputText(National Bank Easy Pay Registration Instructions)" are called
11:23:35.821:	inputText( OutlookFunctionalityEmailSearch , National Bank Easy Pay Registration Instructions is called.
11:23:35.821:	finding elements by name OutlookFunctionalityEmailSearch
11:23:35.821:	xpath is //*[@id="primaryContainer"]/div[4]/div/div[1]/div/div[1]/div[1]/div/div/div[1]/div[1]/div[1]/div[2]/div[2]/div/div[1]/div/form/div/input
11:23:35.844:	Webelement is [[ChromeDriver: chrome on XP (6f87e996737bc40767028585c447528c)] -> xpath: //*[@id="primaryContainer"]/div[4]/div/div[1]/div/div[1]/div[1]/div/div/div[1]/div[1]/div[1]/div[2]/div[2]/div/div[1]/div/form/div/input]
11:23:36.732:	The method "clickButton()" are called
11:23:36.732:	OutlookFunctionalitySearchButton is being clicked.
11:23:36.732:	finding elements by name OutlookFunctionalitySearchButton
11:23:36.732:	xpath is //*[@id="primaryContainer"]/div[4]/div/div[1]/div/div[1]/div[1]/div/div/div[1]/div[1]/div[1]/div[2]/div[2]/div/div[1]/div/button[1]
11:23:36.766:	Webelement is [[ChromeDriver: chrome on XP (6f87e996737bc40767028585c447528c)] -> xpath: //*[@id="primaryContainer"]/div[4]/div/div[1]/div/div[1]/div[1]/div/div/div[1]/div[1]/div[1]/div[2]/div[2]/div/div[1]/div/button[1]]
11:23:36.955:	The method "wait()" are called
11:23:39.957:	The method "clickButton()" are called
11:23:39.957:	test2 is being clicked.
11:23:39.958:	finding elements by name test2
11:23:39.958:	xpath is //*[contains(text(),'re almost there.')]/../../..
11:23:39.990:	Webelement is [[ChromeDriver: chrome on XP (6f87e996737bc40767028585c447528c)] -> xpath: //*[contains(text(),'re almost there.')]/../../..]
11:23:40.088:	The method "wait()" are called
11:23:43.088:	The method "readFromPage(EmailDetailsMerchantIDValue)" are called
11:24:54.314:	finding elements by name EmailDetailsMerchantIDValue
11:25:23.823:	xpath is //*[@id="Item.MessageUniqueBody"]/div/div/div/div[2]/table/tbody/tr/td/div[3]/table/tbody/tr/td/div/table/tbody/tr[2]/td/div/b
