---------Start of logs---------
11:42:51.472:	The method "logComment()" are called
11:42:51.472:	<font color='grey'>Start of onboarding testing - will access Hive V2 Acquirer Portal, Outlook Web App, as well as mpos app</font>
11:42:51.472:	The method "logComment()" are called
11:42:51.472:	<font color='grey'>This case assumes the app has not been opened</font>
11:42:51.472:	The method "logComment()" are called
11:42:51.472:	<font color='grey'>This case assumes that the browser already remembers login credentials for Outlook Web App so no login is required</font>
11:42:51.472:	The method "logComment()" are called
11:42:51.472:	<font color='grey'>Activation Email sent, now go check the email...</font>
11:42:51.472:	The method "loginToOutlook()" are called
11:42:51.472:	method loginToOutlook () is called.
11:42:52.519:	method findCurrentPage(10) is called.
11:42:53.019:	
11:42:53.231:	Current page is: MicrosoftSignIn
11:42:53.231:	inputText( MicrosoftSignInUsername , ytao@mobeewave.com is called.
11:42:53.231:	finding elements by name MicrosoftSignInUsername
11:42:53.231:	xpath is //*[@id="i0116"]
11:42:53.253:	Webelement is [[ChromeDriver: chrome on XP (d907f82d749e55102c6081e9c795b7aa)] -> xpath: //*[@id="i0116"]]
11:42:53.364:	MicrosoftSignInNext is being clicked.
11:42:53.364:	finding elements by name MicrosoftSignInNext
11:42:53.364:	xpath is //*[@id="idSIButton9"]
11:42:53.383:	Webelement is [[ChromeDriver: chrome on XP (d907f82d749e55102c6081e9c795b7aa)] -> xpath: //*[@id="idSIButton9"]]
11:42:53.448:	method findCurrentPage(10) is called.
11:42:53.950:	
11:42:54.031:	Current page is: MicrosoftPassword
11:42:54.031:	inputText( MicrosoftPasswordPassword , Thankyou1 is called.
11:42:54.031:	finding elements by name MicrosoftPasswordPassword
11:42:54.031:	xpath is //*[@id="i0118"]
11:42:54.053:	Webelement is [[ChromeDriver: chrome on XP (d907f82d749e55102c6081e9c795b7aa)] -> xpath: //*[@id="i0118"]]
11:42:54.115:	MicrosoftPasswordSignIn is being clicked.
11:42:54.115:	finding elements by name MicrosoftPasswordSignIn
11:42:54.115:	xpath is //*[@id="idSIButton9"]
11:42:54.125:	Webelement is [[ChromeDriver: chrome on XP (d907f82d749e55102c6081e9c795b7aa)] -> xpath: //*[@id="idSIButton9"]]
11:42:54.664:	method findCurrentPage(10) is called.
11:42:55.165:	
11:42:55.216:	Current page is: MicrosoftStaySignedIn
11:42:55.217:	MicrosoftStaySignedInYes is being clicked.
11:42:55.217:	finding elements by name MicrosoftStaySignedInYes
11:42:55.217:	xpath is //*[@id="idSIButton9"]
11:42:55.227:	Webelement is [[ChromeDriver: chrome on XP (d907f82d749e55102c6081e9c795b7aa)] -> xpath: //*[@id="idSIButton9"]]
11:42:56.665:	method findCurrentPage(10) is called.
11:42:57.166:	
11:42:57.926:	Current page is: 
11:42:57.926:	This page  is not recognized.
11:42:57.926:	method findCurrentPage(10) is called.
11:42:58.427:	
11:42:58.541:	Current page is: 
11:42:58.541:	This page  is not recognized.
11:42:58.541:	method findCurrentPage(10) is called.
11:42:59.041:	
11:42:59.491:	Current page is: 
11:42:59.491:	This page  is not recognized.
11:42:59.491:	method findCurrentPage(10) is called.
11:42:59.991:	
11:43:00.056:	Current page is: OutlookFunctionality
11:43:00.056:	The method "waitUntilPresent()" are called
11:43:00.103:	The method "clickButton()" are called
11:43:00.103:	OutlookFunctionalityEmailSearchCover is being clicked.
11:43:00.103:	finding elements by name OutlookFunctionalityEmailSearchCover
11:43:00.103:	xpath is //*[@id="primaryContainer"]/div[4]/div/div[1]/div/div[1]/div[1]/div/div/div[1]/div[1]/div[1]/div[2]/div[2]/button/span[2]
11:43:00.157:	Webelement is [[ChromeDriver: chrome on XP (d907f82d749e55102c6081e9c795b7aa)] -> xpath: //*[@id="primaryContainer"]/div[4]/div/div[1]/div/div[1]/div[1]/div/div/div[1]/div[1]/div[1]/div[2]/div[2]/button/span[2]]
11:43:00.238:	The method "waitUntilPresent()" are called
11:43:00.765:	The method "inputText(National Bank Easy Pay Registration Instructions)" are called
11:43:00.765:	inputText( OutlookFunctionalityEmailSearch , National Bank Easy Pay Registration Instructions is called.
11:43:00.765:	finding elements by name OutlookFunctionalityEmailSearch
11:43:00.765:	xpath is //*[@id="primaryContainer"]/div[4]/div/div[1]/div/div[1]/div[1]/div/div/div[1]/div[1]/div[1]/div[2]/div[2]/div/div[1]/div/form/div/input
11:43:00.784:	Webelement is [[ChromeDriver: chrome on XP (d907f82d749e55102c6081e9c795b7aa)] -> xpath: //*[@id="primaryContainer"]/div[4]/div/div[1]/div/div[1]/div[1]/div/div/div[1]/div[1]/div[1]/div[2]/div[2]/div/div[1]/div/form/div/input]
11:43:01.519:	The method "clickButton()" are called
11:43:01.519:	OutlookFunctionalitySearchButton is being clicked.
11:43:01.519:	finding elements by name OutlookFunctionalitySearchButton
11:43:01.519:	xpath is //*[@id="primaryContainer"]/div[4]/div/div[1]/div/div[1]/div[1]/div/div/div[1]/div[1]/div[1]/div[2]/div[2]/div/div[1]/div/button[1]
11:43:01.532:	Webelement is [[ChromeDriver: chrome on XP (d907f82d749e55102c6081e9c795b7aa)] -> xpath: //*[@id="primaryContainer"]/div[4]/div/div[1]/div/div[1]/div[1]/div/div/div[1]/div[1]/div[1]/div[2]/div[2]/div/div[1]/div/button[1]]
11:43:01.670:	The method "wait()" are called
11:43:04.671:	The method "clickButton()" are called
11:43:04.671:	test2 is being clicked.
11:43:04.671:	finding elements by name test2
11:43:04.671:	xpath is //*[contains(text(),'re almost there.')]/../../..
11:43:05.134:	Webelement is [[ChromeDriver: chrome on XP (d907f82d749e55102c6081e9c795b7aa)] -> xpath: //*[contains(text(),'re almost there.')]/../../..]
11:43:05.249:	The method "wait()" are called
11:43:08.251:	The method "readFromPage(EmailDetailsMerchantIDValue)" are called
11:43:31.263:	finding elements by name EmailDetailsMerchantIDValue
11:44:07.144:	xpath is //*[@id="Item.MessageUniqueBody"]/div/div/div/div[2]/table/tbody/tr/td/div[3]/table/tbody/tr/td/div/table/tbody/tr[2]/td/div/b
